{"/Users/sm0671/Documents/code/github/hsmkit/src/hooks/useInputHistory.ts": {"path":"/Users/sm0671/Documents/code/github/hsmkit/src/hooks/useInputHistory.ts","statementMap":{"0":{"start":{"line":3,"column":15},"end":{"line":3,"column":null}},"1":{"start":{"line":6,"column":21},"end":{"line":6,"column":null}},"2":{"start":{"line":8,"column":8},"end":{"line":15,"column":18}},"3":{"start":{"line":9,"column":4},"end":{"line":13,"column":null}},"4":{"start":{"line":10,"column":20},"end":{"line":10,"column":52}},"5":{"start":{"line":11,"column":6},"end":{"line":11,"column":null}},"6":{"start":{"line":13,"column":6},"end":{"line":13,"column":null}},"7":{"start":{"line":17,"column":8},"end":{"line":21,"column":18}},"8":{"start":{"line":18,"column":4},"end":{"line":20,"column":null}},"9":{"start":{"line":19,"column":6},"end":{"line":19,"column":null}},"10":{"start":{"line":23,"column":8},"end":{"line":27,"column":18}},"11":{"start":{"line":24,"column":4},"end":{"line":26,"column":null}},"12":{"start":{"line":25,"column":6},"end":{"line":25,"column":null}},"13":{"start":{"line":29,"column":2},"end":{"line":29,"column":null}}},"fnMap":{"0":{"name":"useInputHistory","decl":{"start":{"line":5,"column":16},"end":{"line":5,"column":32}},"loc":{"start":{"line":5,"column":49},"end":{"line":29,"column":null}},"line":5},"1":{"name":"(anonymous_1)","decl":{"start":{"line":8,"column":19},"end":{"line":8,"column":61}},"loc":{"start":{"line":8,"column":61},"end":{"line":15,"column":6}},"line":8},"2":{"name":"(anonymous_2)","decl":{"start":{"line":17,"column":21},"end":{"line":17,"column":34}},"loc":{"start":{"line":17,"column":69},"end":{"line":21,"column":6}},"line":17},"3":{"name":"(anonymous_3)","decl":{"start":{"line":23,"column":23},"end":{"line":23,"column":41}},"loc":{"start":{"line":23,"column":41},"end":{"line":27,"column":6}},"line":23}},"branchMap":{"0":{"loc":{"start":{"line":11,"column":13},"end":{"line":11,"column":43}},"type":"cond-expr","locations":[{"start":{"line":11,"column":21},"end":{"line":11,"column":38}},{"start":{"line":11,"column":41},"end":{"line":11,"column":43}}],"line":11}},"s":{"0":0,"1":0,"2":0,"3":0,"4":0,"5":0,"6":0,"7":0,"8":0,"9":0,"10":0,"11":0,"12":0,"13":0},"f":{"0":0,"1":0,"2":0,"3":0},"b":{"0":[0,0]},"meta":{"lastBranch":1,"lastFunction":4,"lastStatement":14,"seen":{"s:3:15:3:Infinity":0,"f:5:16:5:32":0,"s:6:21:6:Infinity":1,"s:8:8:15:18":2,"f:8:19:8:61":1,"s:9:4:13:Infinity":3,"s:10:20:10:52":4,"s:11:6:11:Infinity":5,"b:11:21:11:38:11:41:11:43":0,"s:13:6:13:Infinity":6,"s:17:8:21:18":7,"f:17:21:17:34":2,"s:18:4:20:Infinity":8,"s:19:6:19:Infinity":9,"s:23:8:27:18":10,"f:23:23:23:41":3,"s:24:4:26:Infinity":11,"s:25:6:25:Infinity":12,"s:29:2:29:Infinity":13}}}
,"/Users/sm0671/Documents/code/github/hsmkit/src/hooks/useLanguage.tsx": {"path":"/Users/sm0671/Documents/code/github/hsmkit/src/hooks/useLanguage.tsx","statementMap":{"0":{"start":{"line":13,"column":6},"end":{"line":13,"column":81}},"1":{"start":{"line":15,"column":42},"end":{"line":22,"column":null}},"2":{"start":{"line":24,"column":13},"end":{"line":82,"column":null}},"3":{"start":{"line":25,"column":19},"end":{"line":32,"column":null}},"4":{"start":{"line":26,"column":4},"end":{"line":30,"column":null}},"5":{"start":{"line":27,"column":20},"end":{"line":27,"column":52}},"6":{"start":{"line":28,"column":6},"end":{"line":28,"column":null}},"7":{"start":{"line":30,"column":6},"end":{"line":30,"column":null}},"8":{"start":{"line":34,"column":23},"end":{"line":35,"column":null}},"9":{"start":{"line":35,"column":10},"end":{"line":35,"column":53}},"10":{"start":{"line":38,"column":8},"end":{"line":48,"column":8}},"11":{"start":{"line":39,"column":4},"end":{"line":39,"column":null}},"12":{"start":{"line":40,"column":4},"end":{"line":42,"column":null}},"13":{"start":{"line":41,"column":6},"end":{"line":41,"column":null}},"14":{"start":{"line":43,"column":4},"end":{"line":43,"column":null}},"15":{"start":{"line":45,"column":4},"end":{"line":47,"column":null}},"16":{"start":{"line":46,"column":6},"end":{"line":46,"column":null}},"17":{"start":{"line":50,"column":2},"end":{"line":74,"column":null}},"18":{"start":{"line":51,"column":22},"end":{"line":51,"column":null}},"19":{"start":{"line":52,"column":4},"end":{"line":52,"column":null}},"20":{"start":{"line":54,"column":10},"end":{"line":58,"column":null}},"21":{"start":{"line":55,"column":21},"end":{"line":55,"column":63}},"22":{"start":{"line":56,"column":6},"end":{"line":58,"column":null}},"23":{"start":{"line":57,"column":8},"end":{"line":57,"column":null}},"24":{"start":{"line":58,"column":8},"end":{"line":58,"column":null}},"25":{"start":{"line":62,"column":4},"end":{"line":62,"column":null}},"26":{"start":{"line":64,"column":4},"end":{"line":67,"column":null}},"27":{"start":{"line":65,"column":6},"end":{"line":67,"column":null}},"28":{"start":{"line":66,"column":8},"end":{"line":66,"column":null}},"29":{"start":{"line":70,"column":4},"end":{"line":71,"column":null}},"30":{"start":{"line":71,"column":6},"end":{"line":71,"column":null}},"31":{"start":{"line":76,"column":8},"end":{"line":80,"column":44}},"32":{"start":{"line":76,"column":52},"end":{"line":80,"column":6}},"33":{"start":{"line":82,"column":2},"end":{"line":82,"column":null}},"34":{"start":{"line":85,"column":13},"end":{"line":90,"column":null}},"35":{"start":{"line":86,"column":8},"end":{"line":86,"column":45}},"36":{"start":{"line":87,"column":2},"end":{"line":88,"column":null}},"37":{"start":{"line":88,"column":4},"end":{"line":88,"column":null}},"38":{"start":{"line":90,"column":2},"end":{"line":90,"column":null}}},"fnMap":{"0":{"name":"(anonymous_0)","decl":{"start":{"line":24,"column":13},"end":{"line":24,"column":68}},"loc":{"start":{"line":24,"column":85},"end":{"line":82,"column":null}},"line":24},"1":{"name":"(anonymous_1)","decl":{"start":{"line":25,"column":39},"end":{"line":25,"column":64}},"loc":{"start":{"line":25,"column":64},"end":{"line":32,"column":null}},"line":25},"2":{"name":"(anonymous_2)","decl":{"start":{"line":34,"column":42},"end":{"line":34,"column":null}},"loc":{"start":{"line":35,"column":10},"end":{"line":35,"column":53}},"line":35},"3":{"name":"(anonymous_3)","decl":{"start":{"line":38,"column":22},"end":{"line":38,"column":35}},"loc":{"start":{"line":38,"column":54},"end":{"line":48,"column":7}},"line":38},"4":{"name":"(anonymous_4)","decl":{"start":{"line":45,"column":23},"end":{"line":45,"column":34}},"loc":{"start":{"line":45,"column":34},"end":{"line":47,"column":null}},"line":45},"5":{"name":"(anonymous_5)","decl":{"start":{"line":50,"column":2},"end":{"line":50,"column":18}},"loc":{"start":{"line":50,"column":18},"end":{"line":74,"column":7}},"line":50},"6":{"name":"(anonymous_6)","decl":{"start":{"line":54,"column":10},"end":{"line":54,"column":27}},"loc":{"start":{"line":54,"column":43},"end":{"line":58,"column":null}},"line":54},"7":{"name":"(anonymous_7)","decl":{"start":{"line":65,"column":35},"end":{"line":65,"column":46}},"loc":{"start":{"line":65,"column":46},"end":{"line":67,"column":null}},"line":65},"8":{"name":"(anonymous_8)","decl":{"start":{"line":70,"column":4},"end":{"line":70,"column":17}},"loc":{"start":{"line":70,"column":17},"end":{"line":71,"column":null}},"line":70},"9":{"name":"(anonymous_9)","decl":{"start":{"line":76,"column":37},"end":{"line":76,"column":52}},"loc":{"start":{"line":76,"column":52},"end":{"line":80,"column":6}},"line":76},"10":{"name":"(anonymous_10)","decl":{"start":{"line":85,"column":13},"end":{"line":85,"column":54}},"loc":{"start":{"line":85,"column":54},"end":{"line":90,"column":null}},"line":85}},"branchMap":{"0":{"loc":{"start":{"line":28,"column":13},"end":{"line":28,"column":null}},"type":"binary-expr","locations":[{"start":{"line":28,"column":13},"end":{"line":28,"column":22}},{"start":{"line":28,"column":22},"end":{"line":28,"column":null}}],"line":28},"1":{"loc":{"start":{"line":56,"column":6},"end":{"line":58,"column":null}},"type":"if","locations":[{"start":{"line":56,"column":6},"end":{"line":58,"column":null}},{"start":{},"end":{}}],"line":56},"2":{"loc":{"start":{"line":64,"column":4},"end":{"line":67,"column":null}},"type":"if","locations":[{"start":{"line":64,"column":4},"end":{"line":67,"column":null}},{"start":{},"end":{}}],"line":64},"3":{"loc":{"start":{"line":64,"column":8},"end":{"line":64,"column":59}},"type":"binary-expr","locations":[{"start":{"line":64,"column":8},"end":{"line":64,"column":30}},{"start":{"line":64,"column":30},"end":{"line":64,"column":59}}],"line":64},"4":{"loc":{"start":{"line":87,"column":2},"end":{"line":88,"column":null}},"type":"if","locations":[{"start":{"line":87,"column":2},"end":{"line":88,"column":null}},{"start":{},"end":{}}],"line":87}},"s":{"0":0,"1":0,"2":0,"3":0,"4":0,"5":0,"6":0,"7":0,"8":0,"9":0,"10":0,"11":0,"12":0,"13":0,"14":0,"15":0,"16":0,"17":0,"18":0,"19":0,"20":0,"21":0,"22":0,"23":0,"24":0,"25":0,"26":0,"27":0,"28":0,"29":0,"30":0,"31":0,"32":0,"33":0,"34":0,"35":0,"36":0,"37":0,"38":0},"f":{"0":0,"1":0,"2":0,"3":0,"4":0,"5":0,"6":0,"7":0,"8":0,"9":0,"10":0},"b":{"0":[0,0],"1":[0,0],"2":[0,0],"3":[0,0],"4":[0,0]},"meta":{"lastBranch":5,"lastFunction":11,"lastStatement":39,"seen":{"s:13:6:13:81":0,"s:15:42:22:Infinity":1,"s:24:13:82:Infinity":2,"f:24:13:24:68":0,"s:25:19:32:Infinity":3,"f:25:39:25:64":1,"s:26:4:30:Infinity":4,"s:27:20:27:52":5,"s:28:6:28:Infinity":6,"b:28:13:28:22:28:22:28:Infinity":0,"s:30:6:30:Infinity":7,"s:34:23:35:Infinity":8,"f:34:42:34:Infinity":2,"s:35:10:35:53":9,"s:38:8:48:8":10,"f:38:22:38:35":3,"s:39:4:39:Infinity":11,"s:40:4:42:Infinity":12,"s:41:6:41:Infinity":13,"s:43:4:43:Infinity":14,"s:45:4:47:Infinity":15,"f:45:23:45:34":4,"s:46:6:46:Infinity":16,"s:50:2:74:Infinity":17,"f:50:2:50:18":5,"s:51:22:51:Infinity":18,"s:52:4:52:Infinity":19,"s:54:10:58:Infinity":20,"f:54:10:54:27":6,"s:55:21:55:63":21,"b:56:6:58:Infinity:undefined:undefined:undefined:undefined":1,"s:56:6:58:Infinity":22,"s:57:8:57:Infinity":23,"s:58:8:58:Infinity":24,"s:62:4:62:Infinity":25,"b:64:4:67:Infinity:undefined:undefined:undefined:undefined":2,"s:64:4:67:Infinity":26,"b:64:8:64:30:64:30:64:59":3,"s:65:6:67:Infinity":27,"f:65:35:65:46":7,"s:66:8:66:Infinity":28,"s:70:4:71:Infinity":29,"f:70:4:70:17":8,"s:71:6:71:Infinity":30,"s:76:8:80:44":31,"f:76:37:76:52":9,"s:76:52:80:6":32,"s:82:2:82:Infinity":33,"s:85:13:90:Infinity":34,"f:85:13:85:54":10,"s:86:8:86:45":35,"b:87:2:88:Infinity:undefined:undefined:undefined:undefined":4,"s:87:2:88:Infinity":36,"s:88:4:88:Infinity":37,"s:90:2:90:Infinity":38}}}
,"/Users/sm0671/Documents/code/github/hsmkit/src/hooks/useRecentTools.ts": {"path":"/Users/sm0671/Documents/code/github/hsmkit/src/hooks/useRecentTools.ts","statementMap":{"0":{"start":{"line":3,"column":20},"end":{"line":3,"column":null}},"1":{"start":{"line":4,"column":19},"end":{"line":4,"column":null}},"2":{"start":{"line":5,"column":20},"end":{"line":5,"column":null}},"3":{"start":{"line":15,"column":22},"end":{"line":26,"column":null}},"4":{"start":{"line":16,"column":4},"end":{"line":24,"column":null}},"5":{"start":{"line":17,"column":20},"end":{"line":17,"column":53}},"6":{"start":{"line":18,"column":6},"end":{"line":18,"column":null}},"7":{"start":{"line":18,"column":18},"end":{"line":18,"column":null}},"8":{"start":{"line":19,"column":35},"end":{"line":19,"column":52}},"9":{"start":{"line":21,"column":21},"end":{"line":21,"column":null}},"10":{"start":{"line":22,"column":6},"end":{"line":22,"column":null}},"11":{"start":{"line":22,"column":32},"end":{"line":22,"column":53}},"12":{"start":{"line":24,"column":6},"end":{"line":24,"column":null}},"13":{"start":{"line":28,"column":8},"end":{"line":37,"column":8}},"14":{"start":{"line":29,"column":4},"end":{"line":36,"column":null}},"15":{"start":{"line":30,"column":23},"end":{"line":30,"column":61}},"16":{"start":{"line":30,"column":40},"end":{"line":30,"column":61}},"17":{"start":{"line":31,"column":22},"end":{"line":31,"column":92}},"18":{"start":{"line":32,"column":6},"end":{"line":34,"column":null}},"19":{"start":{"line":33,"column":8},"end":{"line":33,"column":null}},"20":{"start":{"line":35,"column":6},"end":{"line":35,"column":null}},"21":{"start":{"line":39,"column":8},"end":{"line":44,"column":8}},"22":{"start":{"line":40,"column":4},"end":{"line":40,"column":null}},"23":{"start":{"line":41,"column":4},"end":{"line":43,"column":null}},"24":{"start":{"line":42,"column":6},"end":{"line":42,"column":null}},"25":{"start":{"line":46,"column":2},"end":{"line":46,"column":null}}},"fnMap":{"0":{"name":"useRecentTools","decl":{"start":{"line":14,"column":16},"end":{"line":14,"column":33}},"loc":{"start":{"line":14,"column":33},"end":{"line":46,"column":null}},"line":14},"1":{"name":"(anonymous_1)","decl":{"start":{"line":15,"column":40},"end":{"line":15,"column":69}},"loc":{"start":{"line":15,"column":69},"end":{"line":26,"column":null}},"line":15},"2":{"name":"(anonymous_2)","decl":{"start":{"line":22,"column":20},"end":{"line":22,"column":27}},"loc":{"start":{"line":22,"column":32},"end":{"line":22,"column":53}},"line":22},"3":{"name":"(anonymous_3)","decl":{"start":{"line":28,"column":24},"end":{"line":28,"column":37}},"loc":{"start":{"line":28,"column":77},"end":{"line":37,"column":7}},"line":28},"4":{"name":"(anonymous_4)","decl":{"start":{"line":29,"column":4},"end":{"line":29,"column":19}},"loc":{"start":{"line":29,"column":27},"end":{"line":36,"column":null}},"line":29},"5":{"name":"(anonymous_5)","decl":{"start":{"line":30,"column":28},"end":{"line":30,"column":35}},"loc":{"start":{"line":30,"column":40},"end":{"line":30,"column":61}},"line":30},"6":{"name":"(anonymous_6)","decl":{"start":{"line":39,"column":27},"end":{"line":39,"column":45}},"loc":{"start":{"line":39,"column":45},"end":{"line":44,"column":7}},"line":39}},"branchMap":{"0":{"loc":{"start":{"line":18,"column":6},"end":{"line":18,"column":null}},"type":"if","locations":[{"start":{"line":18,"column":6},"end":{"line":18,"column":null}},{"start":{},"end":{}}],"line":18}},"s":{"0":0,"1":0,"2":0,"3":0,"4":0,"5":0,"6":0,"7":0,"8":0,"9":0,"10":0,"11":0,"12":0,"13":0,"14":0,"15":0,"16":0,"17":0,"18":0,"19":0,"20":0,"21":0,"22":0,"23":0,"24":0,"25":0},"f":{"0":0,"1":0,"2":0,"3":0,"4":0,"5":0,"6":0},"b":{"0":[0,0]},"meta":{"lastBranch":1,"lastFunction":7,"lastStatement":26,"seen":{"s:3:20:3:Infinity":0,"s:4:19:4:Infinity":1,"s:5:20:5:Infinity":2,"f:14:16:14:33":0,"s:15:22:26:Infinity":3,"f:15:40:15:69":1,"s:16:4:24:Infinity":4,"s:17:20:17:53":5,"b:18:6:18:Infinity:undefined:undefined:undefined:undefined":0,"s:18:6:18:Infinity":6,"s:18:18:18:Infinity":7,"s:19:35:19:52":8,"s:21:21:21:Infinity":9,"s:22:6:22:Infinity":10,"f:22:20:22:27":2,"s:22:32:22:53":11,"s:24:6:24:Infinity":12,"s:28:8:37:8":13,"f:28:24:28:37":3,"s:29:4:36:Infinity":14,"f:29:4:29:19":4,"s:30:23:30:61":15,"f:30:28:30:35":5,"s:30:40:30:61":16,"s:31:22:31:92":17,"s:32:6:34:Infinity":18,"s:33:8:33:Infinity":19,"s:35:6:35:Infinity":20,"s:39:8:44:8":21,"f:39:27:39:45":6,"s:40:4:40:Infinity":22,"s:41:4:43:Infinity":23,"s:42:6:42:Infinity":24,"s:46:2:46:Infinity":25}}}
,"/Users/sm0671/Documents/code/github/hsmkit/src/hooks/useSymmetricCipherForm.ts": {"path":"/Users/sm0671/Documents/code/github/hsmkit/src/hooks/useSymmetricCipherForm.ts","statementMap":{"0":{"start":{"line":70,"column":85},"end":{"line":70,"column":null}},"1":{"start":{"line":73,"column":14},"end":{"line":73,"column":36}},"2":{"start":{"line":74,"column":15},"end":{"line":74,"column":38}},"3":{"start":{"line":75,"column":13},"end":{"line":75,"column":41}},"4":{"start":{"line":76,"column":17},"end":{"line":76,"column":42}},"5":{"start":{"line":77,"column":16},"end":{"line":77,"column":40}},"6":{"start":{"line":78,"column":23},"end":{"line":78,"column":57}},"7":{"start":{"line":79,"column":24},"end":{"line":79,"column":88}},"8":{"start":{"line":82,"column":8},"end":{"line":85,"column":8}},"9":{"start":{"line":83,"column":4},"end":{"line":83,"column":null}},"10":{"start":{"line":84,"column":4},"end":{"line":84,"column":null}},"11":{"start":{"line":88,"column":8},"end":{"line":90,"column":8}},"12":{"start":{"line":89,"column":4},"end":{"line":89,"column":null}},"13":{"start":{"line":93,"column":8},"end":{"line":96,"column":11}},"14":{"start":{"line":94,"column":10},"end":{"line":94,"column":31}},"15":{"start":{"line":95,"column":4},"end":{"line":95,"column":null}},"16":{"start":{"line":99,"column":8},"end":{"line":103,"column":12}},"17":{"start":{"line":100,"column":4},"end":{"line":100,"column":null}},"18":{"start":{"line":100,"column":29},"end":{"line":100,"column":null}},"19":{"start":{"line":101,"column":10},"end":{"line":101,"column":32}},"20":{"start":{"line":102,"column":4},"end":{"line":102,"column":null}},"21":{"start":{"line":106,"column":8},"end":{"line":109,"column":10}},"22":{"start":{"line":107,"column":10},"end":{"line":107,"column":30}},"23":{"start":{"line":108,"column":4},"end":{"line":108,"column":null}},"24":{"start":{"line":112,"column":8},"end":{"line":133,"column":56}},"25":{"start":{"line":113,"column":10},"end":{"line":113,"column":34}},"26":{"start":{"line":114,"column":4},"end":{"line":116,"column":null}},"27":{"start":{"line":115,"column":6},"end":{"line":115,"column":null}},"28":{"start":{"line":116,"column":6},"end":{"line":116,"column":null}},"29":{"start":{"line":119,"column":27},"end":{"line":119,"column":58}},"30":{"start":{"line":120,"column":25},"end":{"line":120,"column":94}},"31":{"start":{"line":121,"column":19},"end":{"line":121,"column":null}},"32":{"start":{"line":123,"column":4},"end":{"line":129,"column":null}},"33":{"start":{"line":124,"column":6},"end":{"line":127,"column":null}},"34":{"start":{"line":125,"column":8},"end":{"line":125,"column":null}},"35":{"start":{"line":127,"column":8},"end":{"line":127,"column":null}},"36":{"start":{"line":129,"column":6},"end":{"line":129,"column":null}},"37":{"start":{"line":132,"column":4},"end":{"line":132,"column":null}},"38":{"start":{"line":136,"column":8},"end":{"line":159,"column":26}},"39":{"start":{"line":137,"column":4},"end":{"line":139,"column":null}},"40":{"start":{"line":138,"column":6},"end":{"line":138,"column":null}},"41":{"start":{"line":139,"column":6},"end":{"line":139,"column":null}},"42":{"start":{"line":142,"column":4},"end":{"line":154,"column":null}},"43":{"start":{"line":143,"column":12},"end":{"line":143,"column":38}},"44":{"start":{"line":144,"column":6},"end":{"line":146,"column":null}},"45":{"start":{"line":145,"column":8},"end":{"line":145,"column":null}},"46":{"start":{"line":146,"column":8},"end":{"line":146,"column":null}},"47":{"start":{"line":149,"column":6},"end":{"line":154,"column":null}},"48":{"start":{"line":150,"column":14},"end":{"line":152,"column":61}},"49":{"start":{"line":153,"column":8},"end":{"line":153,"column":null}},"50":{"start":{"line":154,"column":8},"end":{"line":154,"column":null}},"51":{"start":{"line":158,"column":4},"end":{"line":158,"column":null}},"52":{"start":{"line":162,"column":8},"end":{"line":176,"column":24}},"53":{"start":{"line":163,"column":4},"end":{"line":163,"column":null}},"54":{"start":{"line":163,"column":18},"end":{"line":163,"column":null}},"55":{"start":{"line":165,"column":10},"end":{"line":165,"column":32}},"56":{"start":{"line":166,"column":4},"end":{"line":168,"column":null}},"57":{"start":{"line":167,"column":6},"end":{"line":167,"column":null}},"58":{"start":{"line":168,"column":6},"end":{"line":168,"column":null}},"59":{"start":{"line":170,"column":4},"end":{"line":172,"column":null}},"60":{"start":{"line":171,"column":6},"end":{"line":171,"column":null}},"61":{"start":{"line":172,"column":6},"end":{"line":172,"column":null}},"62":{"start":{"line":175,"column":4},"end":{"line":175,"column":null}},"63":{"start":{"line":179,"column":8},"end":{"line":182,"column":45}},"64":{"start":{"line":180,"column":4},"end":{"line":180,"column":null}},"65":{"start":{"line":181,"column":4},"end":{"line":181,"column":null}},"66":{"start":{"line":185,"column":8},"end":{"line":192,"column":8}},"67":{"start":{"line":186,"column":4},"end":{"line":186,"column":null}},"68":{"start":{"line":186,"column":18},"end":{"line":186,"column":null}},"69":{"start":{"line":187,"column":4},"end":{"line":187,"column":null}},"70":{"start":{"line":187,"column":23},"end":{"line":187,"column":null}},"71":{"start":{"line":189,"column":26},"end":{"line":189,"column":73}},"72":{"start":{"line":190,"column":4},"end":{"line":190,"column":null}},"73":{"start":{"line":190,"column":41},"end":{"line":190,"column":null}},"74":{"start":{"line":191,"column":4},"end":{"line":191,"column":null}},"75":{"start":{"line":194,"column":38},"end":{"line":202,"column":null}},"76":{"start":{"line":204,"column":42},"end":{"line":214,"column":null}},"77":{"start":{"line":216,"column":38},"end":{"line":225,"column":null}},"78":{"start":{"line":227,"column":2},"end":{"line":227,"column":null}}},"fnMap":{"0":{"name":"useSymmetricCipherForm","decl":{"start":{"line":69,"column":16},"end":{"line":69,"column":39}},"loc":{"start":{"line":69,"column":70},"end":{"line":227,"column":null}},"line":69},"1":{"name":"(anonymous_1)","decl":{"start":{"line":82,"column":22},"end":{"line":82,"column":40}},"loc":{"start":{"line":82,"column":40},"end":{"line":85,"column":7}},"line":82},"2":{"name":"(anonymous_2)","decl":{"start":{"line":88,"column":21},"end":{"line":88,"column":39}},"loc":{"start":{"line":88,"column":39},"end":{"line":90,"column":7}},"line":88},"3":{"name":"(anonymous_3)","decl":{"start":{"line":93,"column":29},"end":{"line":93,"column":55}},"loc":{"start":{"line":93,"column":55},"end":{"line":96,"column":6}},"line":93},"4":{"name":"(anonymous_4)","decl":{"start":{"line":99,"column":30},"end":{"line":99,"column":43}},"loc":{"start":{"line":99,"column":82},"end":{"line":103,"column":6}},"line":99},"5":{"name":"(anonymous_5)","decl":{"start":{"line":106,"column":28},"end":{"line":106,"column":54}},"loc":{"start":{"line":106,"column":54},"end":{"line":109,"column":6}},"line":106},"6":{"name":"(anonymous_6)","decl":{"start":{"line":112,"column":22},"end":{"line":112,"column":35}},"loc":{"start":{"line":112,"column":66},"end":{"line":133,"column":6}},"line":112},"7":{"name":"(anonymous_7)","decl":{"start":{"line":136,"column":23},"end":{"line":136,"column":36}},"loc":{"start":{"line":136,"column":76},"end":{"line":159,"column":6}},"line":136},"8":{"name":"(anonymous_8)","decl":{"start":{"line":162,"column":21},"end":{"line":162,"column":34}},"loc":{"start":{"line":162,"column":64},"end":{"line":176,"column":6}},"line":162},"9":{"name":"(anonymous_9)","decl":{"start":{"line":179,"column":25},"end":{"line":179,"column":38}},"loc":{"start":{"line":179,"column":115},"end":{"line":182,"column":6}},"line":179},"10":{"name":"(anonymous_10)","decl":{"start":{"line":185,"column":25},"end":{"line":185,"column":38}},"loc":{"start":{"line":185,"column":113},"end":{"line":192,"column":7}},"line":185}},"branchMap":{"0":{"loc":{"start":{"line":70,"column":10},"end":{"line":70,"column":26}},"type":"default-arg","locations":[{"start":{"line":70,"column":22},"end":{"line":70,"column":26}}],"line":70},"1":{"loc":{"start":{"line":95,"column":4},"end":{"line":95,"column":null}},"type":"cond-expr","locations":[{"start":{"line":95,"column":31},"end":{"line":95,"column":50}},{"start":{"line":95,"column":50},"end":{"line":95,"column":null}}],"line":95},"2":{"loc":{"start":{"line":100,"column":4},"end":{"line":100,"column":null}},"type":"if","locations":[{"start":{"line":100,"column":4},"end":{"line":100,"column":null}},{"start":{},"end":{}}],"line":100},"3":{"loc":{"start":{"line":102,"column":4},"end":{"line":102,"column":null}},"type":"cond-expr","locations":[{"start":{"line":102,"column":31},"end":{"line":102,"column":50}},{"start":{"line":102,"column":50},"end":{"line":102,"column":null}}],"line":102},"4":{"loc":{"start":{"line":108,"column":4},"end":{"line":108,"column":null}},"type":"cond-expr","locations":[{"start":{"line":108,"column":31},"end":{"line":108,"column":50}},{"start":{"line":108,"column":50},"end":{"line":108,"column":null}}],"line":108},"5":{"loc":{"start":{"line":114,"column":4},"end":{"line":116,"column":null}},"type":"if","locations":[{"start":{"line":114,"column":4},"end":{"line":116,"column":null}},{"start":{},"end":{}}],"line":114},"6":{"loc":{"start":{"line":115,"column":15},"end":{"line":115,"column":73}},"type":"binary-expr","locations":[{"start":{"line":115,"column":15},"end":{"line":115,"column":41}},{"start":{"line":115,"column":41},"end":{"line":115,"column":73}}],"line":115},"7":{"loc":{"start":{"line":120,"column":25},"end":{"line":120,"column":94}},"type":"cond-expr","locations":[{"start":{"line":120,"column":46},"end":{"line":120,"column":75}},{"start":{"line":120,"column":78},"end":{"line":120,"column":94}}],"line":120},"8":{"loc":{"start":{"line":123,"column":4},"end":{"line":129,"column":null}},"type":"if","locations":[{"start":{"line":123,"column":4},"end":{"line":129,"column":null}},{"start":{},"end":{}}],"line":123},"9":{"loc":{"start":{"line":124,"column":6},"end":{"line":127,"column":null}},"type":"if","locations":[{"start":{"line":124,"column":6},"end":{"line":127,"column":null}},{"start":{"line":126,"column":13},"end":{"line":127,"column":null}}],"line":124},"10":{"loc":{"start":{"line":125,"column":18},"end":{"line":125,"column":82}},"type":"binary-expr","locations":[{"start":{"line":125,"column":18},"end":{"line":125,"column":45}},{"start":{"line":125,"column":45},"end":{"line":125,"column":82}}],"line":125},"11":{"loc":{"start":{"line":127,"column":18},"end":{"line":127,"column":85}},"type":"binary-expr","locations":[{"start":{"line":127,"column":18},"end":{"line":127,"column":47}},{"start":{"line":127,"column":47},"end":{"line":127,"column":85}}],"line":127},"12":{"loc":{"start":{"line":137,"column":4},"end":{"line":139,"column":null}},"type":"if","locations":[{"start":{"line":137,"column":4},"end":{"line":139,"column":null}},{"start":{},"end":{}}],"line":137},"13":{"loc":{"start":{"line":138,"column":15},"end":{"line":138,"column":58}},"type":"binary-expr","locations":[{"start":{"line":138,"column":15},"end":{"line":138,"column":39}},{"start":{"line":138,"column":39},"end":{"line":138,"column":58}}],"line":138},"14":{"loc":{"start":{"line":142,"column":4},"end":{"line":154,"column":null}},"type":"if","locations":[{"start":{"line":142,"column":4},"end":{"line":154,"column":null}},{"start":{},"end":{}}],"line":142},"15":{"loc":{"start":{"line":144,"column":6},"end":{"line":146,"column":null}},"type":"if","locations":[{"start":{"line":144,"column":6},"end":{"line":146,"column":null}},{"start":{},"end":{}}],"line":144},"16":{"loc":{"start":{"line":145,"column":17},"end":{"line":145,"column":77}},"type":"binary-expr","locations":[{"start":{"line":145,"column":17},"end":{"line":145,"column":44}},{"start":{"line":145,"column":44},"end":{"line":145,"column":77}}],"line":145},"17":{"loc":{"start":{"line":149,"column":6},"end":{"line":154,"column":null}},"type":"if","locations":[{"start":{"line":149,"column":6},"end":{"line":154,"column":null}},{"start":{},"end":{}}],"line":149},"18":{"loc":{"start":{"line":150,"column":21},"end":{"line":150,"column":null}},"type":"binary-expr","locations":[{"start":{"line":150,"column":21},"end":{"line":150,"column":46}},{"start":{"line":150,"column":46},"end":{"line":150,"column":null}}],"line":150},"19":{"loc":{"start":{"line":163,"column":4},"end":{"line":163,"column":null}},"type":"if","locations":[{"start":{"line":163,"column":4},"end":{"line":163,"column":null}},{"start":{},"end":{}}],"line":163},"20":{"loc":{"start":{"line":166,"column":4},"end":{"line":168,"column":null}},"type":"if","locations":[{"start":{"line":166,"column":4},"end":{"line":168,"column":null}},{"start":{},"end":{}}],"line":166},"21":{"loc":{"start":{"line":167,"column":15},"end":{"line":167,"column":71}},"type":"binary-expr","locations":[{"start":{"line":167,"column":15},"end":{"line":167,"column":40}},{"start":{"line":167,"column":40},"end":{"line":167,"column":71}}],"line":167},"22":{"loc":{"start":{"line":170,"column":4},"end":{"line":172,"column":null}},"type":"if","locations":[{"start":{"line":170,"column":4},"end":{"line":172,"column":null}},{"start":{},"end":{}}],"line":170},"23":{"loc":{"start":{"line":171,"column":16},"end":{"line":171,"column":78}},"type":"binary-expr","locations":[{"start":{"line":171,"column":16},"end":{"line":171,"column":39}},{"start":{"line":171,"column":39},"end":{"line":171,"column":78}}],"line":171},"24":{"loc":{"start":{"line":181,"column":11},"end":{"line":181,"column":83}},"type":"binary-expr","locations":[{"start":{"line":181,"column":11},"end":{"line":181,"column":33}},{"start":{"line":181,"column":37},"end":{"line":181,"column":60}},{"start":{"line":181,"column":64},"end":{"line":181,"column":83}}],"line":181},"25":{"loc":{"start":{"line":185,"column":84},"end":{"line":185,"column":113}},"type":"default-arg","locations":[{"start":{"line":185,"column":95},"end":{"line":185,"column":113}}],"line":185},"26":{"loc":{"start":{"line":186,"column":4},"end":{"line":186,"column":null}},"type":"if","locations":[{"start":{"line":186,"column":4},"end":{"line":186,"column":null}},{"start":{},"end":{}}],"line":186},"27":{"loc":{"start":{"line":187,"column":4},"end":{"line":187,"column":null}},"type":"if","locations":[{"start":{"line":187,"column":4},"end":{"line":187,"column":null}},{"start":{},"end":{}}],"line":187},"28":{"loc":{"start":{"line":189,"column":26},"end":{"line":189,"column":73}},"type":"cond-expr","locations":[{"start":{"line":189,"column":52},"end":{"line":189,"column":63}},{"start":{"line":189,"column":63},"end":{"line":189,"column":73}}],"line":189},"29":{"loc":{"start":{"line":190,"column":4},"end":{"line":190,"column":null}},"type":"if","locations":[{"start":{"line":190,"column":4},"end":{"line":190,"column":null}},{"start":{},"end":{}}],"line":190}},"s":{"0":0,"1":0,"2":0,"3":0,"4":0,"5":0,"6":0,"7":0,"8":0,"9":0,"10":0,"11":0,"12":0,"13":0,"14":0,"15":0,"16":0,"17":0,"18":0,"19":0,"20":0,"21":0,"22":0,"23":0,"24":0,"25":0,"26":0,"27":0,"28":0,"29":0,"30":0,"31":0,"32":0,"33":0,"34":0,"35":0,"36":0,"37":0,"38":0,"39":0,"40":0,"41":0,"42":0,"43":0,"44":0,"45":0,"46":0,"47":0,"48":0,"49":0,"50":0,"51":0,"52":0,"53":0,"54":0,"55":0,"56":0,"57":0,"58":0,"59":0,"60":0,"61":0,"62":0,"63":0,"64":0,"65":0,"66":0,"67":0,"68":0,"69":0,"70":0,"71":0,"72":0,"73":0,"74":0,"75":0,"76":0,"77":0,"78":0},"f":{"0":0,"1":0,"2":0,"3":0,"4":0,"5":0,"6":0,"7":0,"8":0,"9":0,"10":0},"b":{"0":[0],"1":[0,0],"2":[0,0],"3":[0,0],"4":[0,0],"5":[0,0],"6":[0,0],"7":[0,0],"8":[0,0],"9":[0,0],"10":[0,0],"11":[0,0],"12":[0,0],"13":[0,0],"14":[0,0],"15":[0,0],"16":[0,0],"17":[0,0],"18":[0,0],"19":[0,0],"20":[0,0],"21":[0,0],"22":[0,0],"23":[0,0],"24":[0,0,0],"25":[0],"26":[0,0],"27":[0,0],"28":[0,0],"29":[0,0]},"meta":{"lastBranch":30,"lastFunction":11,"lastStatement":79,"seen":{"f:69:16:69:39":0,"s:70:85:70:Infinity":0,"b:70:22:70:26":0,"s:73:14:73:36":1,"s:74:15:74:38":2,"s:75:13:75:41":3,"s:76:17:76:42":4,"s:77:16:77:40":5,"s:78:23:78:57":6,"s:79:24:79:88":7,"s:82:8:85:8":8,"f:82:22:82:40":1,"s:83:4:83:Infinity":9,"s:84:4:84:Infinity":10,"s:88:8:90:8":11,"f:88:21:88:39":2,"s:89:4:89:Infinity":12,"s:93:8:96:11":13,"f:93:29:93:55":3,"s:94:10:94:31":14,"s:95:4:95:Infinity":15,"b:95:31:95:50:95:50:95:Infinity":1,"s:99:8:103:12":16,"f:99:30:99:43":4,"b:100:4:100:Infinity:undefined:undefined:undefined:undefined":2,"s:100:4:100:Infinity":17,"s:100:29:100:Infinity":18,"s:101:10:101:32":19,"s:102:4:102:Infinity":20,"b:102:31:102:50:102:50:102:Infinity":3,"s:106:8:109:10":21,"f:106:28:106:54":5,"s:107:10:107:30":22,"s:108:4:108:Infinity":23,"b:108:31:108:50:108:50:108:Infinity":4,"s:112:8:133:56":24,"f:112:22:112:35":6,"s:113:10:113:34":25,"b:114:4:116:Infinity:undefined:undefined:undefined:undefined":5,"s:114:4:116:Infinity":26,"s:115:6:115:Infinity":27,"b:115:15:115:41:115:41:115:73":6,"s:116:6:116:Infinity":28,"s:119:27:119:58":29,"s:120:25:120:94":30,"b:120:46:120:75:120:78:120:94":7,"s:121:19:121:Infinity":31,"b:123:4:129:Infinity:undefined:undefined:undefined:undefined":8,"s:123:4:129:Infinity":32,"b:124:6:127:Infinity:126:13:127:Infinity":9,"s:124:6:127:Infinity":33,"s:125:8:125:Infinity":34,"b:125:18:125:45:125:45:125:82":10,"s:127:8:127:Infinity":35,"b:127:18:127:47:127:47:127:85":11,"s:129:6:129:Infinity":36,"s:132:4:132:Infinity":37,"s:136:8:159:26":38,"f:136:23:136:36":7,"b:137:4:139:Infinity:undefined:undefined:undefined:undefined":12,"s:137:4:139:Infinity":39,"s:138:6:138:Infinity":40,"b:138:15:138:39:138:39:138:58":13,"s:139:6:139:Infinity":41,"b:142:4:154:Infinity:undefined:undefined:undefined:undefined":14,"s:142:4:154:Infinity":42,"s:143:12:143:38":43,"b:144:6:146:Infinity:undefined:undefined:undefined:undefined":15,"s:144:6:146:Infinity":44,"s:145:8:145:Infinity":45,"b:145:17:145:44:145:44:145:77":16,"s:146:8:146:Infinity":46,"b:149:6:154:Infinity:undefined:undefined:undefined:undefined":17,"s:149:6:154:Infinity":47,"s:150:14:152:61":48,"b:150:21:150:46:150:46:150:Infinity":18,"s:153:8:153:Infinity":49,"s:154:8:154:Infinity":50,"s:158:4:158:Infinity":51,"s:162:8:176:24":52,"f:162:21:162:34":8,"b:163:4:163:Infinity:undefined:undefined:undefined:undefined":19,"s:163:4:163:Infinity":53,"s:163:18:163:Infinity":54,"s:165:10:165:32":55,"b:166:4:168:Infinity:undefined:undefined:undefined:undefined":20,"s:166:4:168:Infinity":56,"s:167:6:167:Infinity":57,"b:167:15:167:40:167:40:167:71":21,"s:168:6:168:Infinity":58,"b:170:4:172:Infinity:undefined:undefined:undefined:undefined":22,"s:170:4:172:Infinity":59,"s:171:6:171:Infinity":60,"b:171:16:171:39:171:39:171:78":23,"s:172:6:172:Infinity":61,"s:175:4:175:Infinity":62,"s:179:8:182:45":63,"f:179:25:179:38":9,"s:180:4:180:Infinity":64,"s:181:4:181:Infinity":65,"b:181:11:181:33:181:37:181:60:181:64:181:83":24,"s:185:8:192:8":66,"f:185:25:185:38":10,"b:185:95:185:113":25,"b:186:4:186:Infinity:undefined:undefined:undefined:undefined":26,"s:186:4:186:Infinity":67,"s:186:18:186:Infinity":68,"b:187:4:187:Infinity:undefined:undefined:undefined:undefined":27,"s:187:4:187:Infinity":69,"s:187:23:187:Infinity":70,"s:189:26:189:73":71,"b:189:52:189:63:189:63:189:73":28,"b:190:4:190:Infinity:undefined:undefined:undefined:undefined":29,"s:190:4:190:Infinity":72,"s:190:41:190:Infinity":73,"s:191:4:191:Infinity":74,"s:194:38:202:Infinity":75,"s:204:42:214:Infinity":76,"s:216:38:225:Infinity":77,"s:227:2:227:Infinity":78}}}
,"/Users/sm0671/Documents/code/github/hsmkit/src/hooks/useTheme.tsx": {"path":"/Users/sm0671/Documents/code/github/hsmkit/src/hooks/useTheme.tsx","statementMap":{"0":{"start":{"line":13,"column":6},"end":{"line":13,"column":75}},"1":{"start":{"line":20,"column":6},"end":{"line":29,"column":null}},"2":{"start":{"line":21,"column":2},"end":{"line":21,"column":null}},"3":{"start":{"line":21,"column":37},"end":{"line":21,"column":null}},"4":{"start":{"line":22,"column":2},"end":{"line":25,"column":null}},"5":{"start":{"line":23,"column":18},"end":{"line":23,"column":54}},"6":{"start":{"line":24,"column":4},"end":{"line":24,"column":null}},"7":{"start":{"line":24,"column":47},"end":{"line":24,"column":null}},"8":{"start":{"line":26,"column":2},"end":{"line":27,"column":null}},"9":{"start":{"line":27,"column":4},"end":{"line":27,"column":null}},"10":{"start":{"line":29,"column":2},"end":{"line":29,"column":null}},"11":{"start":{"line":33,"column":6},"end":{"line":41,"column":null}},"12":{"start":{"line":34,"column":2},"end":{"line":39,"column":null}},"13":{"start":{"line":35,"column":4},"end":{"line":35,"column":null}},"14":{"start":{"line":36,"column":4},"end":{"line":36,"column":null}},"15":{"start":{"line":38,"column":4},"end":{"line":38,"column":null}},"16":{"start":{"line":39,"column":4},"end":{"line":39,"column":null}},"17":{"start":{"line":41,"column":2},"end":{"line":41,"column":null}},"18":{"start":{"line":44,"column":13},"end":{"line":93,"column":null}},"19":{"start":{"line":45,"column":20},"end":{"line":45,"column":72}},"20":{"start":{"line":46,"column":18},"end":{"line":46,"column":47}},"21":{"start":{"line":49,"column":2},"end":{"line":56,"column":null}},"22":{"start":{"line":50,"column":4},"end":{"line":50,"column":null}},"23":{"start":{"line":52,"column":4},"end":{"line":54,"column":null}},"24":{"start":{"line":53,"column":6},"end":{"line":53,"column":null}},"25":{"start":{"line":58,"column":2},"end":{"line":65,"column":null}},"26":{"start":{"line":59,"column":4},"end":{"line":59,"column":null}},"27":{"start":{"line":59,"column":18},"end":{"line":59,"column":null}},"28":{"start":{"line":61,"column":4},"end":{"line":63,"column":null}},"29":{"start":{"line":62,"column":6},"end":{"line":62,"column":null}},"30":{"start":{"line":64,"column":4},"end":{"line":64,"column":null}},"31":{"start":{"line":67,"column":8},"end":{"line":69,"column":8}},"32":{"start":{"line":68,"column":4},"end":{"line":68,"column":null}},"33":{"start":{"line":68,"column":25},"end":{"line":68,"column":61}},"34":{"start":{"line":71,"column":17},"end":{"line":71,"column":null}},"35":{"start":{"line":74,"column":8},"end":{"line":80,"column":15}},"36":{"start":{"line":74,"column":37},"end":{"line":80,"column":6}},"37":{"start":{"line":82,"column":8},"end":{"line":86,"column":39}},"38":{"start":{"line":82,"column":38},"end":{"line":86,"column":6}},"39":{"start":{"line":88,"column":2},"end":{"line":93,"column":null}},"40":{"start":{"line":97,"column":13},"end":{"line":102,"column":null}},"41":{"start":{"line":98,"column":8},"end":{"line":98,"column":42}},"42":{"start":{"line":99,"column":2},"end":{"line":100,"column":null}},"43":{"start":{"line":100,"column":4},"end":{"line":100,"column":null}},"44":{"start":{"line":102,"column":2},"end":{"line":102,"column":null}}},"fnMap":{"0":{"name":"(anonymous_0)","decl":{"start":{"line":20,"column":6},"end":{"line":20,"column":41}},"loc":{"start":{"line":20,"column":41},"end":{"line":29,"column":null}},"line":20},"1":{"name":"(anonymous_1)","decl":{"start":{"line":33,"column":6},"end":{"line":33,"column":25}},"loc":{"start":{"line":33,"column":45},"end":{"line":41,"column":null}},"line":33},"2":{"name":"(anonymous_2)","decl":{"start":{"line":44,"column":13},"end":{"line":44,"column":60}},"loc":{"start":{"line":44,"column":77},"end":{"line":93,"column":null}},"line":44},"3":{"name":"(anonymous_3)","decl":{"start":{"line":49,"column":2},"end":{"line":49,"column":24}},"loc":{"start":{"line":49,"column":24},"end":{"line":56,"column":7}},"line":49},"4":{"name":"(anonymous_4)","decl":{"start":{"line":52,"column":4},"end":{"line":52,"column":32}},"loc":{"start":{"line":52,"column":32},"end":{"line":54,"column":null}},"line":52},"5":{"name":"(anonymous_5)","decl":{"start":{"line":58,"column":2},"end":{"line":58,"column":18}},"loc":{"start":{"line":58,"column":18},"end":{"line":65,"column":6}},"line":58},"6":{"name":"(anonymous_6)","decl":{"start":{"line":67,"column":22},"end":{"line":67,"column":40}},"loc":{"start":{"line":67,"column":40},"end":{"line":69,"column":7}},"line":67},"7":{"name":"(anonymous_7)","decl":{"start":{"line":68,"column":4},"end":{"line":68,"column":17}},"loc":{"start":{"line":68,"column":25},"end":{"line":68,"column":61}},"line":68},"8":{"name":"(anonymous_8)","decl":{"start":{"line":74,"column":22},"end":{"line":74,"column":37}},"loc":{"start":{"line":74,"column":37},"end":{"line":80,"column":6}},"line":74},"9":{"name":"(anonymous_9)","decl":{"start":{"line":82,"column":23},"end":{"line":82,"column":38}},"loc":{"start":{"line":82,"column":38},"end":{"line":86,"column":6}},"line":82},"10":{"name":"(anonymous_10)","decl":{"start":{"line":97,"column":13},"end":{"line":97,"column":48}},"loc":{"start":{"line":97,"column":48},"end":{"line":102,"column":null}},"line":97}},"branchMap":{"0":{"loc":{"start":{"line":21,"column":2},"end":{"line":21,"column":null}},"type":"if","locations":[{"start":{"line":21,"column":2},"end":{"line":21,"column":null}},{"start":{},"end":{}}],"line":21},"1":{"loc":{"start":{"line":24,"column":4},"end":{"line":24,"column":null}},"type":"if","locations":[{"start":{"line":24,"column":4},"end":{"line":24,"column":null}},{"start":{},"end":{}}],"line":24},"2":{"loc":{"start":{"line":24,"column":8},"end":{"line":24,"column":47}},"type":"binary-expr","locations":[{"start":{"line":24,"column":8},"end":{"line":24,"column":28}},{"start":{"line":24,"column":28},"end":{"line":24,"column":47}}],"line":24},"3":{"loc":{"start":{"line":26,"column":2},"end":{"line":27,"column":null}},"type":"if","locations":[{"start":{"line":26,"column":2},"end":{"line":27,"column":null}},{"start":{},"end":{}}],"line":26},"4":{"loc":{"start":{"line":26,"column":6},"end":{"line":26,"column":86}},"type":"binary-expr","locations":[{"start":{"line":26,"column":6},"end":{"line":26,"column":27}},{"start":{"line":26,"column":27},"end":{"line":26,"column":86}}],"line":26},"5":{"loc":{"start":{"line":34,"column":2},"end":{"line":39,"column":null}},"type":"if","locations":[{"start":{"line":34,"column":2},"end":{"line":39,"column":null}},{"start":{"line":37,"column":9},"end":{"line":39,"column":null}}],"line":34},"6":{"loc":{"start":{"line":41,"column":54},"end":{"line":41,"column":80}},"type":"cond-expr","locations":[{"start":{"line":41,"column":63},"end":{"line":41,"column":72}},{"start":{"line":41,"column":72},"end":{"line":41,"column":80}}],"line":41},"7":{"loc":{"start":{"line":59,"column":4},"end":{"line":59,"column":null}},"type":"if","locations":[{"start":{"line":59,"column":4},"end":{"line":59,"column":null}},{"start":{},"end":{}}],"line":59},"8":{"loc":{"start":{"line":68,"column":25},"end":{"line":68,"column":61}},"type":"cond-expr","locations":[{"start":{"line":68,"column":44},"end":{"line":68,"column":53}},{"start":{"line":68,"column":53},"end":{"line":68,"column":61}}],"line":68},"9":{"loc":{"start":{"line":75,"column":15},"end":{"line":75,"column":null}},"type":"cond-expr","locations":[{"start":{"line":75,"column":24},"end":{"line":75,"column":46}},{"start":{"line":75,"column":46},"end":{"line":75,"column":null}}],"line":75},"10":{"loc":{"start":{"line":99,"column":2},"end":{"line":100,"column":null}},"type":"if","locations":[{"start":{"line":99,"column":2},"end":{"line":100,"column":null}},{"start":{},"end":{}}],"line":99}},"s":{"0":0,"1":0,"2":0,"3":0,"4":0,"5":0,"6":0,"7":0,"8":0,"9":0,"10":0,"11":0,"12":0,"13":0,"14":0,"15":0,"16":0,"17":0,"18":0,"19":0,"20":0,"21":0,"22":0,"23":0,"24":0,"25":0,"26":0,"27":0,"28":0,"29":0,"30":0,"31":0,"32":0,"33":0,"34":0,"35":0,"36":0,"37":0,"38":0,"39":0,"40":0,"41":0,"42":0,"43":0,"44":0},"f":{"0":0,"1":0,"2":0,"3":0,"4":0,"5":0,"6":0,"7":0,"8":0,"9":0,"10":0},"b":{"0":[0,0],"1":[0,0],"2":[0,0],"3":[0,0],"4":[0,0],"5":[0,0],"6":[0,0],"7":[0,0],"8":[0,0],"9":[0,0],"10":[0,0]},"meta":{"lastBranch":11,"lastFunction":11,"lastStatement":45,"seen":{"s:13:6:13:75":0,"s:20:6:29:Infinity":1,"f:20:6:20:41":0,"b:21:2:21:Infinity:undefined:undefined:undefined:undefined":0,"s:21:2:21:Infinity":2,"s:21:37:21:Infinity":3,"s:22:2:25:Infinity":4,"s:23:18:23:54":5,"b:24:4:24:Infinity:undefined:undefined:undefined:undefined":1,"s:24:4:24:Infinity":6,"b:24:8:24:28:24:28:24:47":2,"s:24:47:24:Infinity":7,"b:26:2:27:Infinity:undefined:undefined:undefined:undefined":3,"s:26:2:27:Infinity":8,"b:26:6:26:27:26:27:26:86":4,"s:27:4:27:Infinity":9,"s:29:2:29:Infinity":10,"s:33:6:41:Infinity":11,"f:33:6:33:25":1,"b:34:2:39:Infinity:37:9:39:Infinity":5,"s:34:2:39:Infinity":12,"s:35:4:35:Infinity":13,"s:36:4:36:Infinity":14,"s:38:4:38:Infinity":15,"s:39:4:39:Infinity":16,"s:41:2:41:Infinity":17,"b:41:63:41:72:41:72:41:80":6,"s:44:13:93:Infinity":18,"f:44:13:44:60":2,"s:45:20:45:72":19,"s:46:18:46:47":20,"s:49:2:56:Infinity":21,"f:49:2:49:24":3,"s:50:4:50:Infinity":22,"s:52:4:54:Infinity":23,"f:52:4:52:32":4,"s:53:6:53:Infinity":24,"s:58:2:65:Infinity":25,"f:58:2:58:18":5,"b:59:4:59:Infinity:undefined:undefined:undefined:undefined":7,"s:59:4:59:Infinity":26,"s:59:18:59:Infinity":27,"s:61:4:63:Infinity":28,"s:62:6:62:Infinity":29,"s:64:4:64:Infinity":30,"s:67:8:69:8":31,"f:67:22:67:40":6,"s:68:4:68:Infinity":32,"f:68:4:68:17":7,"s:68:25:68:61":33,"b:68:44:68:53:68:53:68:61":8,"s:71:17:71:Infinity":34,"s:74:8:80:15":35,"f:74:22:74:37":8,"s:74:37:80:6":36,"b:75:24:75:46:75:46:75:Infinity":9,"s:82:8:86:39":37,"f:82:23:82:38":9,"s:82:38:86:6":38,"s:88:2:93:Infinity":39,"s:97:13:102:Infinity":40,"f:97:13:97:48":10,"s:98:8:98:42":41,"b:99:2:100:Infinity:undefined:undefined:undefined:undefined":10,"s:99:2:100:Infinity":42,"s:100:4:100:Infinity":43,"s:102:2:102:Infinity":44}}}
,"/Users/sm0671/Documents/code/github/hsmkit/src/hooks/useToast.ts": {"path":"/Users/sm0671/Documents/code/github/hsmkit/src/hooks/useToast.ts","statementMap":{"0":{"start":{"line":6,"column":10},"end":{"line":6,"column":29}},"1":{"start":{"line":8,"column":8},"end":{"line":10,"column":8}},"2":{"start":{"line":9,"column":4},"end":{"line":9,"column":null}},"3":{"start":{"line":12,"column":8},"end":{"line":14,"column":8}},"4":{"start":{"line":13,"column":4},"end":{"line":13,"column":null}},"5":{"start":{"line":16,"column":8},"end":{"line":18,"column":8}},"6":{"start":{"line":17,"column":4},"end":{"line":17,"column":null}},"7":{"start":{"line":20,"column":8},"end":{"line":22,"column":8}},"8":{"start":{"line":21,"column":4},"end":{"line":21,"column":null}},"9":{"start":{"line":24,"column":8},"end":{"line":26,"column":23}},"10":{"start":{"line":25,"column":4},"end":{"line":25,"column":null}},"11":{"start":{"line":28,"column":8},"end":{"line":30,"column":27}},"12":{"start":{"line":29,"column":4},"end":{"line":29,"column":null}},"13":{"start":{"line":32,"column":8},"end":{"line":34,"column":33}},"14":{"start":{"line":33,"column":4},"end":{"line":33,"column":null}},"15":{"start":{"line":36,"column":8},"end":{"line":38,"column":32}},"16":{"start":{"line":37,"column":4},"end":{"line":37,"column":null}},"17":{"start":{"line":40,"column":2},"end":{"line":49,"column":null}}},"fnMap":{"0":{"name":"useToast","decl":{"start":{"line":5,"column":16},"end":{"line":5,"column":27}},"loc":{"start":{"line":5,"column":27},"end":{"line":49,"column":null}},"line":5},"1":{"name":"(anonymous_1)","decl":{"start":{"line":8,"column":18},"end":{"line":8,"column":31}},"loc":{"start":{"line":8,"column":47},"end":{"line":10,"column":7}},"line":8},"2":{"name":"(anonymous_2)","decl":{"start":{"line":12,"column":16},"end":{"line":12,"column":29}},"loc":{"start":{"line":12,"column":45},"end":{"line":14,"column":7}},"line":12},"3":{"name":"(anonymous_3)","decl":{"start":{"line":16,"column":15},"end":{"line":16,"column":28}},"loc":{"start":{"line":16,"column":44},"end":{"line":18,"column":7}},"line":16},"4":{"name":"(anonymous_4)","decl":{"start":{"line":20,"column":18},"end":{"line":20,"column":31}},"loc":{"start":{"line":20,"column":47},"end":{"line":22,"column":7}},"line":20},"5":{"name":"(anonymous_5)","decl":{"start":{"line":24,"column":22},"end":{"line":24,"column":40}},"loc":{"start":{"line":24,"column":40},"end":{"line":26,"column":6}},"line":24},"6":{"name":"(anonymous_6)","decl":{"start":{"line":28,"column":20},"end":{"line":28,"column":38}},"loc":{"start":{"line":28,"column":38},"end":{"line":30,"column":6}},"line":28},"7":{"name":"(anonymous_7)","decl":{"start":{"line":32,"column":27},"end":{"line":32,"column":40}},"loc":{"start":{"line":32,"column":57},"end":{"line":34,"column":6}},"line":32},"8":{"name":"(anonymous_8)","decl":{"start":{"line":36,"column":25},"end":{"line":36,"column":38}},"loc":{"start":{"line":36,"column":55},"end":{"line":38,"column":6}},"line":36}},"branchMap":{"0":{"loc":{"start":{"line":25,"column":20},"end":{"line":25,"column":62}},"type":"binary-expr","locations":[{"start":{"line":25,"column":20},"end":{"line":25,"column":39}},{"start":{"line":25,"column":39},"end":{"line":25,"column":62}}],"line":25},"1":{"loc":{"start":{"line":29,"column":18},"end":{"line":29,"column":58}},"type":"binary-expr","locations":[{"start":{"line":29,"column":18},"end":{"line":29,"column":41}},{"start":{"line":29,"column":41},"end":{"line":29,"column":58}}],"line":29},"2":{"loc":{"start":{"line":33,"column":20},"end":{"line":33,"column":91}},"type":"binary-expr","locations":[{"start":{"line":33,"column":20},"end":{"line":33,"column":27}},{"start":{"line":33,"column":27},"end":{"line":33,"column":56}},{"start":{"line":33,"column":56},"end":{"line":33,"column":91}}],"line":33},"3":{"loc":{"start":{"line":37,"column":18},"end":{"line":37,"column":72}},"type":"binary-expr","locations":[{"start":{"line":37,"column":18},"end":{"line":37,"column":25}},{"start":{"line":37,"column":25},"end":{"line":37,"column":53}},{"start":{"line":37,"column":53},"end":{"line":37,"column":72}}],"line":37}},"s":{"0":0,"1":0,"2":0,"3":0,"4":0,"5":0,"6":0,"7":0,"8":0,"9":0,"10":0,"11":0,"12":0,"13":0,"14":0,"15":0,"16":0,"17":0},"f":{"0":0,"1":0,"2":0,"3":0,"4":0,"5":0,"6":0,"7":0,"8":0},"b":{"0":[0,0],"1":[0,0],"2":[0,0,0],"3":[0,0,0]},"meta":{"lastBranch":4,"lastFunction":9,"lastStatement":18,"seen":{"f:5:16:5:27":0,"s:6:10:6:29":0,"s:8:8:10:8":1,"f:8:18:8:31":1,"s:9:4:9:Infinity":2,"s:12:8:14:8":3,"f:12:16:12:29":2,"s:13:4:13:Infinity":4,"s:16:8:18:8":5,"f:16:15:16:28":3,"s:17:4:17:Infinity":6,"s:20:8:22:8":7,"f:20:18:20:31":4,"s:21:4:21:Infinity":8,"s:24:8:26:23":9,"f:24:22:24:40":5,"s:25:4:25:Infinity":10,"b:25:20:25:39:25:39:25:62":0,"s:28:8:30:27":11,"f:28:20:28:38":6,"s:29:4:29:Infinity":12,"b:29:18:29:41:29:41:29:58":1,"s:32:8:34:33":13,"f:32:27:32:40":7,"s:33:4:33:Infinity":14,"b:33:20:33:27:33:27:33:56:33:56:33:91":2,"s:36:8:38:32":15,"f:36:25:36:38":8,"s:37:4:37:Infinity":16,"b:37:18:37:25:37:25:37:53:37:53:37:72":3,"s:40:2:49:Infinity":17}}}
,"/Users/sm0671/Documents/code/github/hsmkit/src/hooks/useToolForm.ts": {"path":"/Users/sm0671/Documents/code/github/hsmkit/src/hooks/useToolForm.ts","statementMap":{"0":{"start":{"line":4,"column":29},"end":{"line":4,"column":null}},"1":{"start":{"line":35,"column":8},"end":{"line":35,"column":26}},"2":{"start":{"line":36,"column":21},"end":{"line":36,"column":null}},"3":{"start":{"line":37,"column":8},"end":{"line":37,"column":34}},"4":{"start":{"line":40,"column":17},"end":{"line":50,"column":null}},"5":{"start":{"line":41,"column":4},"end":{"line":41,"column":null}},"6":{"start":{"line":41,"column":18},"end":{"line":41,"column":null}},"7":{"start":{"line":42,"column":4},"end":{"line":48,"column":null}},"8":{"start":{"line":43,"column":20},"end":{"line":43,"column":52}},"9":{"start":{"line":44,"column":6},"end":{"line":46,"column":null}},"10":{"start":{"line":45,"column":23},"end":{"line":45,"column":40}},"11":{"start":{"line":46,"column":8},"end":{"line":46,"column":null}},"12":{"start":{"line":49,"column":4},"end":{"line":49,"column":null}},"13":{"start":{"line":52,"column":17},"end":{"line":52,"column":42}},"14":{"start":{"line":53,"column":16},"end":{"line":53,"column":40}},"15":{"start":{"line":54,"column":23},"end":{"line":54,"column":57}},"16":{"start":{"line":57,"column":2},"end":{"line":65,"column":null}},"17":{"start":{"line":58,"column":4},"end":{"line":60,"column":null}},"18":{"start":{"line":59,"column":6},"end":{"line":59,"column":null}},"19":{"start":{"line":60,"column":6},"end":{"line":60,"column":null}},"20":{"start":{"line":62,"column":4},"end":{"line":64,"column":null}},"21":{"start":{"line":63,"column":6},"end":{"line":63,"column":null}},"22":{"start":{"line":67,"column":8},"end":{"line":69,"column":8}},"23":{"start":{"line":68,"column":4},"end":{"line":68,"column":null}},"24":{"start":{"line":68,"column":23},"end":{"line":68,"column":50}},"25":{"start":{"line":71,"column":8},"end":{"line":87,"column":13}},"26":{"start":{"line":72,"column":4},"end":{"line":72,"column":null}},"27":{"start":{"line":73,"column":4},"end":{"line":73,"column":null}},"28":{"start":{"line":74,"column":4},"end":{"line":74,"column":null}},"29":{"start":{"line":76,"column":4},"end":{"line":85,"column":null}},"30":{"start":{"line":77,"column":18},"end":{"line":77,"column":28}},"31":{"start":{"line":78,"column":6},"end":{"line":78,"column":null}},"32":{"start":{"line":79,"column":6},"end":{"line":79,"column":null}},"33":{"start":{"line":81,"column":21},"end":{"line":81,"column":69}},"34":{"start":{"line":82,"column":6},"end":{"line":82,"column":null}},"35":{"start":{"line":83,"column":6},"end":{"line":83,"column":null}},"36":{"start":{"line":85,"column":6},"end":{"line":85,"column":null}},"37":{"start":{"line":89,"column":8},"end":{"line":98,"column":42}},"38":{"start":{"line":90,"column":4},"end":{"line":90,"column":null}},"39":{"start":{"line":91,"column":4},"end":{"line":91,"column":null}},"40":{"start":{"line":92,"column":4},"end":{"line":92,"column":null}},"41":{"start":{"line":93,"column":4},"end":{"line":96,"column":null}},"42":{"start":{"line":94,"column":6},"end":{"line":96,"column":null}},"43":{"start":{"line":95,"column":8},"end":{"line":95,"column":null}},"44":{"start":{"line":100,"column":8},"end":{"line":108,"column":21}},"45":{"start":{"line":101,"column":4},"end":{"line":106,"column":null}},"46":{"start":{"line":102,"column":6},"end":{"line":102,"column":null}},"47":{"start":{"line":103,"column":6},"end":{"line":103,"column":null}},"48":{"start":{"line":105,"column":6},"end":{"line":105,"column":null}},"49":{"start":{"line":106,"column":6},"end":{"line":106,"column":null}},"50":{"start":{"line":110,"column":2},"end":{"line":122,"column":null}}},"fnMap":{"0":{"name":"useToolForm","decl":{"start":{"line":31,"column":16},"end":{"line":31,"column":67}},"loc":{"start":{"line":34,"column":58},"end":{"line":122,"column":null}},"line":34},"1":{"name":"(anonymous_1)","decl":{"start":{"line":40,"column":30},"end":{"line":40,"column":53}},"loc":{"start":{"line":40,"column":53},"end":{"line":50,"column":null}},"line":40},"2":{"name":"(anonymous_2)","decl":{"start":{"line":57,"column":2},"end":{"line":57,"column":18}},"loc":{"start":{"line":57,"column":18},"end":{"line":65,"column":6}},"line":57},"3":{"name":"(anonymous_3)","decl":{"start":{"line":67,"column":22},"end":{"line":67,"column":35}},"loc":{"start":{"line":67,"column":72},"end":{"line":69,"column":7}},"line":67},"4":{"name":"(anonymous_4)","decl":{"start":{"line":68,"column":4},"end":{"line":68,"column":14}},"loc":{"start":{"line":68,"column":23},"end":{"line":68,"column":50}},"line":68},"5":{"name":"(anonymous_5)","decl":{"start":{"line":71,"column":30},"end":{"line":71,"column":37}},"loc":{"start":{"line":71,"column":76},"end":{"line":87,"column":6}},"line":71},"6":{"name":"(anonymous_6)","decl":{"start":{"line":89,"column":16},"end":{"line":89,"column":34}},"loc":{"start":{"line":89,"column":34},"end":{"line":98,"column":6}},"line":89},"7":{"name":"(anonymous_7)","decl":{"start":{"line":100,"column":33},"end":{"line":100,"column":45}},"loc":{"start":{"line":100,"column":45},"end":{"line":108,"column":6}},"line":100}},"branchMap":{"0":{"loc":{"start":{"line":36,"column":21},"end":{"line":36,"column":null}},"type":"cond-expr","locations":[{"start":{"line":36,"column":31},"end":{"line":36,"column":69}},{"start":{"line":36,"column":69},"end":{"line":36,"column":null}}],"line":36},"1":{"loc":{"start":{"line":41,"column":4},"end":{"line":41,"column":null}},"type":"if","locations":[{"start":{"line":41,"column":4},"end":{"line":41,"column":null}},{"start":{},"end":{}}],"line":41},"2":{"loc":{"start":{"line":44,"column":6},"end":{"line":46,"column":null}},"type":"if","locations":[{"start":{"line":44,"column":6},"end":{"line":46,"column":null}},{"start":{},"end":{}}],"line":44},"3":{"loc":{"start":{"line":58,"column":4},"end":{"line":60,"column":null}},"type":"if","locations":[{"start":{"line":58,"column":4},"end":{"line":60,"column":null}},{"start":{},"end":{}}],"line":58},"4":{"loc":{"start":{"line":58,"column":8},"end":{"line":58,"column":41}},"type":"binary-expr","locations":[{"start":{"line":58,"column":8},"end":{"line":58,"column":20}},{"start":{"line":58,"column":20},"end":{"line":58,"column":41}}],"line":58},"5":{"loc":{"start":{"line":81,"column":21},"end":{"line":81,"column":69}},"type":"cond-expr","locations":[{"start":{"line":81,"column":44},"end":{"line":81,"column":58}},{"start":{"line":81,"column":58},"end":{"line":81,"column":69}}],"line":81},"6":{"loc":{"start":{"line":93,"column":4},"end":{"line":96,"column":null}},"type":"if","locations":[{"start":{"line":93,"column":4},"end":{"line":96,"column":null}},{"start":{},"end":{}}],"line":93}},"s":{"0":0,"1":0,"2":0,"3":0,"4":0,"5":0,"6":0,"7":0,"8":0,"9":0,"10":0,"11":0,"12":0,"13":0,"14":0,"15":0,"16":0,"17":0,"18":0,"19":0,"20":0,"21":0,"22":0,"23":0,"24":0,"25":0,"26":0,"27":0,"28":0,"29":0,"30":0,"31":0,"32":0,"33":0,"34":0,"35":0,"36":0,"37":0,"38":0,"39":0,"40":0,"41":0,"42":0,"43":0,"44":0,"45":0,"46":0,"47":0,"48":0,"49":0,"50":0},"f":{"0":0,"1":0,"2":0,"3":0,"4":0,"5":0,"6":0,"7":0},"b":{"0":[0,0],"1":[0,0],"2":[0,0],"3":[0,0],"4":[0,0],"5":[0,0],"6":[0,0]},"meta":{"lastBranch":7,"lastFunction":8,"lastStatement":51,"seen":{"s:4:29:4:Infinity":0,"f:31:16:31:67":0,"s:35:8:35:26":1,"s:36:21:36:Infinity":2,"b:36:31:36:69:36:69:36:Infinity":0,"s:37:8:37:34":3,"s:40:17:50:Infinity":4,"f:40:30:40:53":1,"b:41:4:41:Infinity:undefined:undefined:undefined:undefined":1,"s:41:4:41:Infinity":5,"s:41:18:41:Infinity":6,"s:42:4:48:Infinity":7,"s:43:20:43:52":8,"b:44:6:46:Infinity:undefined:undefined:undefined:undefined":2,"s:44:6:46:Infinity":9,"s:45:23:45:40":10,"s:46:8:46:Infinity":11,"s:49:4:49:Infinity":12,"s:52:17:52:42":13,"s:53:16:53:40":14,"s:54:23:54:57":15,"s:57:2:65:Infinity":16,"f:57:2:57:18":2,"b:58:4:60:Infinity:undefined:undefined:undefined:undefined":3,"s:58:4:60:Infinity":17,"b:58:8:58:20:58:20:58:41":4,"s:59:6:59:Infinity":18,"s:60:6:60:Infinity":19,"s:62:4:64:Infinity":20,"s:63:6:63:Infinity":21,"s:67:8:69:8":22,"f:67:22:67:35":3,"s:68:4:68:Infinity":23,"f:68:4:68:14":4,"s:68:23:68:50":24,"s:71:8:87:13":25,"f:71:30:71:37":5,"s:72:4:72:Infinity":26,"s:73:4:73:Infinity":27,"s:74:4:74:Infinity":28,"s:76:4:85:Infinity":29,"s:77:18:77:28":30,"s:78:6:78:Infinity":31,"s:79:6:79:Infinity":32,"s:81:21:81:69":33,"b:81:44:81:58:81:58:81:69":5,"s:82:6:82:Infinity":34,"s:83:6:83:Infinity":35,"s:85:6:85:Infinity":36,"s:89:8:98:42":37,"f:89:16:89:34":6,"s:90:4:90:Infinity":38,"s:91:4:91:Infinity":39,"s:92:4:92:Infinity":40,"b:93:4:96:Infinity:undefined:undefined:undefined:undefined":6,"s:93:4:96:Infinity":41,"s:94:6:96:Infinity":42,"s:95:8:95:Infinity":43,"s:100:8:108:21":44,"f:100:33:100:45":7,"s:101:4:106:Infinity":45,"s:102:6:102:Infinity":46,"s:103:6:103:Infinity":47,"s:105:6:105:Infinity":48,"s:106:6:106:Infinity":49,"s:110:2:122:Infinity":50}}}
,"/Users/sm0671/Documents/code/github/hsmkit/src/utils/crypto.ts": {"path":"/Users/sm0671/Documents/code/github/hsmkit/src/utils/crypto.ts","statementMap":{"0":{"start":{"line":6,"column":13},"end":{"line":126,"column":null}},"1":{"start":{"line":7,"column":14},"end":{"line":7,"column":44}},"2":{"start":{"line":8,"column":15},"end":{"line":8,"column":46}},"3":{"start":{"line":11,"column":8},"end":{"line":38,"column":null}},"4":{"start":{"line":12,"column":17},"end":{"line":12,"column":75}},"5":{"start":{"line":13,"column":14},"end":{"line":16,"column":null}},"6":{"start":{"line":18,"column":10},"end":{"line":32,"column":null}},"7":{"start":{"line":19,"column":20},"end":{"line":19,"column":39}},"8":{"start":{"line":20,"column":19},"end":{"line":20,"column":null}},"9":{"start":{"line":23,"column":6},"end":{"line":24,"column":null}},"10":{"start":{"line":23,"column":19},"end":{"line":23,"column":22}},"11":{"start":{"line":24,"column":8},"end":{"line":24,"column":null}},"12":{"start":{"line":28,"column":6},"end":{"line":29,"column":null}},"13":{"start":{"line":29,"column":8},"end":{"line":29,"column":null}},"14":{"start":{"line":32,"column":6},"end":{"line":32,"column":null}},"15":{"start":{"line":35,"column":15},"end":{"line":35,"column":30}},"16":{"start":{"line":36,"column":15},"end":{"line":36,"column":31}},"17":{"start":{"line":38,"column":4},"end":{"line":38,"column":null}},"18":{"start":{"line":41,"column":21},"end":{"line":41,"column":41}},"19":{"start":{"line":43,"column":20},"end":{"line":43,"column":null}},"20":{"start":{"line":44,"column":20},"end":{"line":44,"column":null}},"21":{"start":{"line":45,"column":20},"end":{"line":45,"column":52}},"22":{"start":{"line":49,"column":2},"end":{"line":94,"column":null}},"23":{"start":{"line":51,"column":20},"end":{"line":51,"column":78}},"24":{"start":{"line":52,"column":4},"end":{"line":55,"column":null}},"25":{"start":{"line":53,"column":29},"end":{"line":53,"column":50}},"26":{"start":{"line":57,"column":10},"end":{"line":57,"column":null}},"27":{"start":{"line":58,"column":26},"end":{"line":58,"column":null}},"28":{"start":{"line":60,"column":4},"end":{"line":94,"column":null}},"29":{"start":{"line":62,"column":24},"end":{"line":64,"column":null}},"30":{"start":{"line":66,"column":6},"end":{"line":69,"column":null}},"31":{"start":{"line":67,"column":38},"end":{"line":67,"column":54}},"32":{"start":{"line":72,"column":29},"end":{"line":72,"column":78}},"33":{"start":{"line":73,"column":26},"end":{"line":73,"column":48}},"34":{"start":{"line":76,"column":27},"end":{"line":76,"column":null}},"35":{"start":{"line":77,"column":24},"end":{"line":77,"column":52}},"36":{"start":{"line":78,"column":24},"end":{"line":78,"column":null}},"37":{"start":{"line":80,"column":6},"end":{"line":83,"column":null}},"38":{"start":{"line":81,"column":8},"end":{"line":81,"column":null}},"39":{"start":{"line":83,"column":8},"end":{"line":83,"column":null}},"40":{"start":{"line":86,"column":6},"end":{"line":87,"column":null}},"41":{"start":{"line":87,"column":8},"end":{"line":87,"column":null}},"42":{"start":{"line":90,"column":26},"end":{"line":90,"column":72}},"43":{"start":{"line":91,"column":6},"end":{"line":94,"column":null}},"44":{"start":{"line":92,"column":40},"end":{"line":92,"column":56}},"45":{"start":{"line":99,"column":10},"end":{"line":99,"column":68}},"46":{"start":{"line":101,"column":2},"end":{"line":113,"column":null}},"47":{"start":{"line":101,"column":15},"end":{"line":101,"column":18}},"48":{"start":{"line":102,"column":18},"end":{"line":104,"column":null}},"49":{"start":{"line":106,"column":18},"end":{"line":108,"column":null}},"50":{"start":{"line":107,"column":34},"end":{"line":107,"column":51}},"51":{"start":{"line":110,"column":4},"end":{"line":113,"column":null}},"52":{"start":{"line":117,"column":21},"end":{"line":119,"column":null}},"53":{"start":{"line":118,"column":31},"end":{"line":118,"column":46}},"54":{"start":{"line":121,"column":12},"end":{"line":124,"column":null}},"55":{"start":{"line":126,"column":2},"end":{"line":126,"column":null}},"56":{"start":{"line":132,"column":13},"end":{"line":133,"column":null}},"57":{"start":{"line":133,"column":2},"end":{"line":133,"column":null}},"58":{"start":{"line":139,"column":13},"end":{"line":140,"column":null}},"59":{"start":{"line":140,"column":2},"end":{"line":140,"column":null}},"60":{"start":{"line":147,"column":13},"end":{"line":162,"column":null}},"61":{"start":{"line":148,"column":16},"end":{"line":148,"column":43}},"62":{"start":{"line":149,"column":2},"end":{"line":162,"column":null}},"63":{"start":{"line":150,"column":12},"end":{"line":150,"column":30}},"64":{"start":{"line":151,"column":15},"end":{"line":151,"column":null}},"65":{"start":{"line":152,"column":4},"end":{"line":153,"column":null}},"66":{"start":{"line":152,"column":17},"end":{"line":152,"column":20}},"67":{"start":{"line":153,"column":6},"end":{"line":153,"column":null}},"68":{"start":{"line":153,"column":24},"end":{"line":153,"column":null}},"69":{"start":{"line":156,"column":4},"end":{"line":159,"column":null}},"70":{"start":{"line":157,"column":6},"end":{"line":157,"column":null}},"71":{"start":{"line":159,"column":6},"end":{"line":159,"column":null}},"72":{"start":{"line":161,"column":4},"end":{"line":161,"column":null}},"73":{"start":{"line":173,"column":13},"end":{"line":209,"column":null}},"74":{"start":{"line":174,"column":21},"end":{"line":174,"column":42}},"75":{"start":{"line":177,"column":2},"end":{"line":178,"column":null}},"76":{"start":{"line":178,"column":4},"end":{"line":178,"column":null}},"77":{"start":{"line":181,"column":19},"end":{"line":181,"column":null}},"78":{"start":{"line":184,"column":2},"end":{"line":185,"column":null}},"79":{"start":{"line":185,"column":4},"end":{"line":185,"column":null}},"80":{"start":{"line":187,"column":2},"end":{"line":188,"column":null}},"81":{"start":{"line":188,"column":4},"end":{"line":188,"column":null}},"82":{"start":{"line":193,"column":2},"end":{"line":206,"column":null}},"83":{"start":{"line":195,"column":17},"end":{"line":195,"column":null}},"84":{"start":{"line":196,"column":23},"end":{"line":196,"column":50}},"85":{"start":{"line":197,"column":4},"end":{"line":197,"column":null}},"86":{"start":{"line":200,"column":16},"end":{"line":200,"column":52}},"87":{"start":{"line":201,"column":17},"end":{"line":201,"column":59}},"88":{"start":{"line":202,"column":22},"end":{"line":205,"column":6}},"89":{"start":{"line":206,"column":4},"end":{"line":206,"column":null}},"90":{"start":{"line":209,"column":2},"end":{"line":209,"column":null}},"91":{"start":{"line":224,"column":6},"end":{"line":227,"column":null}},"92":{"start":{"line":225,"column":19},"end":{"line":225,"column":41}},"93":{"start":{"line":227,"column":2},"end":{"line":227,"column":null}},"94":{"start":{"line":230,"column":13},"end":{"line":253,"column":null}},"95":{"start":{"line":231,"column":31},"end":{"line":231,"column":null}},"96":{"start":{"line":233,"column":2},"end":{"line":234,"column":null}},"97":{"start":{"line":234,"column":4},"end":{"line":234,"column":null}},"98":{"start":{"line":238,"column":20},"end":{"line":238,"column":57}},"99":{"start":{"line":239,"column":8},"end":{"line":239,"column":51}},"100":{"start":{"line":242,"column":16},"end":{"line":242,"column":31}},"101":{"start":{"line":243,"column":8},"end":{"line":243,"column":45}},"102":{"start":{"line":246,"column":15},"end":{"line":246,"column":null}},"103":{"start":{"line":247,"column":2},"end":{"line":250,"column":null}},"104":{"start":{"line":247,"column":15},"end":{"line":247,"column":18}},"105":{"start":{"line":248,"column":14},"end":{"line":248,"column":38}},"106":{"start":{"line":249,"column":14},"end":{"line":249,"column":38}},"107":{"start":{"line":250,"column":4},"end":{"line":250,"column":null}},"108":{"start":{"line":253,"column":2},"end":{"line":253,"column":null}},"109":{"start":{"line":260,"column":13},"end":{"line":295,"column":null}},"110":{"start":{"line":261,"column":2},"end":{"line":262,"column":null}},"111":{"start":{"line":262,"column":4},"end":{"line":262,"column":null}},"112":{"start":{"line":266,"column":28},"end":{"line":266,"column":71}},"113":{"start":{"line":266,"column":51},"end":{"line":266,"column":70}},"114":{"start":{"line":269,"column":2},"end":{"line":271,"column":null}},"115":{"start":{"line":269,"column":15},"end":{"line":269,"column":18}},"116":{"start":{"line":270,"column":4},"end":{"line":271,"column":null}},"117":{"start":{"line":271,"column":6},"end":{"line":271,"column":null}},"118":{"start":{"line":276,"column":22},"end":{"line":276,"column":null}},"119":{"start":{"line":277,"column":2},"end":{"line":279,"column":null}},"120":{"start":{"line":277,"column":15},"end":{"line":277,"column":18}},"121":{"start":{"line":278,"column":4},"end":{"line":279,"column":null}},"122":{"start":{"line":279,"column":6},"end":{"line":279,"column":null}},"123":{"start":{"line":284,"column":15},"end":{"line":284,"column":null}},"124":{"start":{"line":285,"column":2},"end":{"line":292,"column":null}},"125":{"start":{"line":285,"column":15},"end":{"line":285,"column":18}},"126":{"start":{"line":286,"column":20},"end":{"line":286,"column":null}},"127":{"start":{"line":287,"column":4},"end":{"line":290,"column":null}},"128":{"start":{"line":287,"column":17},"end":{"line":287,"column":20}},"129":{"start":{"line":288,"column":20},"end":{"line":288,"column":53}},"130":{"start":{"line":289,"column":20},"end":{"line":289,"column":67}},"131":{"start":{"line":290,"column":6},"end":{"line":290,"column":null}},"132":{"start":{"line":292,"column":4},"end":{"line":292,"column":null}},"133":{"start":{"line":295,"column":2},"end":{"line":295,"column":null}},"134":{"start":{"line":302,"column":13},"end":{"line":311,"column":null}},"135":{"start":{"line":303,"column":16},"end":{"line":303,"column":43}},"136":{"start":{"line":304,"column":2},"end":{"line":311,"column":null}},"137":{"start":{"line":305,"column":14},"end":{"line":305,"column":32}},"138":{"start":{"line":306,"column":15},"end":{"line":306,"column":null}},"139":{"start":{"line":307,"column":4},"end":{"line":308,"column":null}},"140":{"start":{"line":307,"column":17},"end":{"line":307,"column":20}},"141":{"start":{"line":308,"column":6},"end":{"line":308,"column":null}},"142":{"start":{"line":308,"column":24},"end":{"line":308,"column":null}},"143":{"start":{"line":310,"column":4},"end":{"line":310,"column":null}},"144":{"start":{"line":317,"column":13},"end":{"line":326,"column":null}},"145":{"start":{"line":318,"column":16},"end":{"line":318,"column":43}},"146":{"start":{"line":319,"column":2},"end":{"line":326,"column":null}},"147":{"start":{"line":320,"column":14},"end":{"line":320,"column":32}},"148":{"start":{"line":321,"column":15},"end":{"line":321,"column":null}},"149":{"start":{"line":322,"column":4},"end":{"line":323,"column":null}},"150":{"start":{"line":322,"column":17},"end":{"line":322,"column":20}},"151":{"start":{"line":323,"column":6},"end":{"line":323,"column":null}},"152":{"start":{"line":323,"column":24},"end":{"line":323,"column":null}},"153":{"start":{"line":325,"column":4},"end":{"line":325,"column":null}},"154":{"start":{"line":351,"column":13},"end":{"line":530,"column":null}},"155":{"start":{"line":352,"column":16},"end":{"line":352,"column":37}},"156":{"start":{"line":353,"column":27},"end":{"line":353,"column":29}},"157":{"start":{"line":355,"column":2},"end":{"line":370,"column":null}},"158":{"start":{"line":356,"column":4},"end":{"line":370,"column":null}},"159":{"start":{"line":373,"column":19},"end":{"line":373,"column":null}},"160":{"start":{"line":376,"column":23},"end":{"line":376,"column":null}},"161":{"start":{"line":377,"column":2},"end":{"line":381,"column":null}},"162":{"start":{"line":378,"column":4},"end":{"line":381,"column":null}},"163":{"start":{"line":379,"column":6},"end":{"line":379,"column":null}},"164":{"start":{"line":380,"column":15},"end":{"line":381,"column":null}},"165":{"start":{"line":381,"column":6},"end":{"line":381,"column":null}},"166":{"start":{"line":386,"column":16},"end":{"line":386,"column":null}},"167":{"start":{"line":387,"column":15},"end":{"line":387,"column":null}},"168":{"start":{"line":388,"column":18},"end":{"line":388,"column":null}},"169":{"start":{"line":389,"column":19},"end":{"line":389,"column":null}},"170":{"start":{"line":390,"column":19},"end":{"line":390,"column":null}},"171":{"start":{"line":391,"column":18},"end":{"line":391,"column":null}},"172":{"start":{"line":392,"column":16},"end":{"line":392,"column":null}},"173":{"start":{"line":393,"column":15},"end":{"line":393,"column":null}},"174":{"start":{"line":395,"column":2},"end":{"line":513,"column":null}},"175":{"start":{"line":396,"column":16},"end":{"line":396,"column":45}},"176":{"start":{"line":397,"column":18},"end":{"line":397,"column":60}},"177":{"start":{"line":398,"column":19},"end":{"line":398,"column":77}},"178":{"start":{"line":401,"column":4},"end":{"line":412,"column":null}},"179":{"start":{"line":402,"column":24},"end":{"line":405,"column":8}},"180":{"start":{"line":406,"column":6},"end":{"line":406,"column":null}},"181":{"start":{"line":407,"column":15},"end":{"line":412,"column":null}},"182":{"start":{"line":408,"column":24},"end":{"line":411,"column":8}},"183":{"start":{"line":412,"column":6},"end":{"line":412,"column":null}},"184":{"start":{"line":414,"column":4},"end":{"line":414,"column":null}},"185":{"start":{"line":417,"column":21},"end":{"line":417,"column":67}},"186":{"start":{"line":418,"column":25},"end":{"line":421,"column":6}},"187":{"start":{"line":422,"column":4},"end":{"line":422,"column":null}},"188":{"start":{"line":425,"column":23},"end":{"line":425,"column":43}},"189":{"start":{"line":426,"column":4},"end":{"line":426,"column":null}},"190":{"start":{"line":429,"column":4},"end":{"line":437,"column":null}},"191":{"start":{"line":430,"column":24},"end":{"line":430,"column":71}},"192":{"start":{"line":431,"column":31},"end":{"line":434,"column":8}},"193":{"start":{"line":435,"column":6},"end":{"line":435,"column":null}},"194":{"start":{"line":437,"column":6},"end":{"line":437,"column":null}},"195":{"start":{"line":441,"column":4},"end":{"line":457,"column":null}},"196":{"start":{"line":442,"column":24},"end":{"line":442,"column":46}},"197":{"start":{"line":443,"column":24},"end":{"line":443,"column":47}},"198":{"start":{"line":444,"column":19},"end":{"line":444,"column":null}},"199":{"start":{"line":445,"column":6},"end":{"line":448,"column":null}},"200":{"start":{"line":445,"column":19},"end":{"line":445,"column":22}},"201":{"start":{"line":446,"column":19},"end":{"line":446,"column":62}},"202":{"start":{"line":447,"column":19},"end":{"line":447,"column":70}},"203":{"start":{"line":448,"column":8},"end":{"line":448,"column":null}},"204":{"start":{"line":450,"column":21},"end":{"line":450,"column":51}},"205":{"start":{"line":451,"column":31},"end":{"line":454,"column":8}},"206":{"start":{"line":455,"column":6},"end":{"line":455,"column":null}},"207":{"start":{"line":457,"column":6},"end":{"line":457,"column":null}},"208":{"start":{"line":461,"column":4},"end":{"line":502,"column":null}},"209":{"start":{"line":463,"column":16},"end":{"line":466,"column":null}},"210":{"start":{"line":468,"column":12},"end":{"line":484,"column":null}},"211":{"start":{"line":469,"column":22},"end":{"line":469,"column":41}},"212":{"start":{"line":470,"column":21},"end":{"line":470,"column":null}},"213":{"start":{"line":472,"column":8},"end":{"line":476,"column":null}},"214":{"start":{"line":472,"column":21},"end":{"line":472,"column":24}},"215":{"start":{"line":473,"column":10},"end":{"line":476,"column":null}},"216":{"start":{"line":474,"column":12},"end":{"line":474,"column":null}},"217":{"start":{"line":476,"column":12},"end":{"line":476,"column":null}},"218":{"start":{"line":480,"column":8},"end":{"line":481,"column":null}},"219":{"start":{"line":481,"column":10},"end":{"line":481,"column":null}},"220":{"start":{"line":484,"column":8},"end":{"line":484,"column":null}},"221":{"start":{"line":487,"column":17},"end":{"line":487,"column":32}},"222":{"start":{"line":488,"column":21},"end":{"line":490,"column":null}},"223":{"start":{"line":489,"column":31},"end":{"line":489,"column":50}},"224":{"start":{"line":493,"column":16},"end":{"line":496,"column":null}},"225":{"start":{"line":498,"column":6},"end":{"line":498,"column":null}},"226":{"start":{"line":501,"column":25},"end":{"line":501,"column":75}},"227":{"start":{"line":502,"column":6},"end":{"line":502,"column":null}},"228":{"start":{"line":506,"column":25},"end":{"line":509,"column":6}},"229":{"start":{"line":510,"column":4},"end":{"line":510,"column":null}},"230":{"start":{"line":513,"column":4},"end":{"line":513,"column":null}},"231":{"start":{"line":516,"column":2},"end":{"line":530,"column":null}}},"fnMap":{"0":{"name":"(anonymous_0)","decl":{"start":{"line":6,"column":13},"end":{"line":6,"column":24}},"loc":{"start":{"line":6,"column":68},"end":{"line":126,"column":null}},"line":6},"1":{"name":"(anonymous_1)","decl":{"start":{"line":11,"column":8},"end":{"line":11,"column":27}},"loc":{"start":{"line":11,"column":59},"end":{"line":38,"column":null}},"line":11},"2":{"name":"(anonymous_2)","decl":{"start":{"line":18,"column":10},"end":{"line":18,"column":26}},"loc":{"start":{"line":18,"column":60},"end":{"line":32,"column":null}},"line":18},"3":{"name":"(anonymous_3)","decl":{"start":{"line":53,"column":15},"end":{"line":53,"column":20}},"loc":{"start":{"line":53,"column":29},"end":{"line":53,"column":50}},"line":53},"4":{"name":"(anonymous_4)","decl":{"start":{"line":67,"column":24},"end":{"line":67,"column":29}},"loc":{"start":{"line":67,"column":38},"end":{"line":67,"column":54}},"line":67},"5":{"name":"(anonymous_5)","decl":{"start":{"line":92,"column":26},"end":{"line":92,"column":31}},"loc":{"start":{"line":92,"column":40},"end":{"line":92,"column":56}},"line":92},"6":{"name":"(anonymous_6)","decl":{"start":{"line":107,"column":18},"end":{"line":107,"column":23}},"loc":{"start":{"line":107,"column":34},"end":{"line":107,"column":51}},"line":107},"7":{"name":"(anonymous_7)","decl":{"start":{"line":118,"column":17},"end":{"line":118,"column":22}},"loc":{"start":{"line":118,"column":31},"end":{"line":118,"column":46}},"line":118},"8":{"name":"(anonymous_8)","decl":{"start":{"line":132,"column":13},"end":{"line":132,"column":27}},"loc":{"start":{"line":132,"column":52},"end":{"line":133,"column":null}},"line":132},"9":{"name":"(anonymous_9)","decl":{"start":{"line":139,"column":13},"end":{"line":139,"column":30}},"loc":{"start":{"line":139,"column":56},"end":{"line":140,"column":null}},"line":139},"10":{"name":"(anonymous_10)","decl":{"start":{"line":147,"column":13},"end":{"line":147,"column":35}},"loc":{"start":{"line":147,"column":62},"end":{"line":162,"column":null}},"line":147},"11":{"name":"(anonymous_11)","decl":{"start":{"line":149,"column":15},"end":{"line":149,"column":19}},"loc":{"start":{"line":149,"column":27},"end":{"line":162,"column":5}},"line":149},"12":{"name":"(anonymous_12)","decl":{"start":{"line":173,"column":13},"end":{"line":173,"column":29}},"loc":{"start":{"line":173,"column":77},"end":{"line":209,"column":null}},"line":173},"13":{"name":"(anonymous_13)","decl":{"start":{"line":224,"column":6},"end":{"line":224,"column":20}},"loc":{"start":{"line":224,"column":44},"end":{"line":227,"column":null}},"line":224},"14":{"name":"(anonymous_14)","decl":{"start":{"line":230,"column":13},"end":{"line":230,"column":33}},"loc":{"start":{"line":230,"column":70},"end":{"line":253,"column":null}},"line":230},"15":{"name":"(anonymous_15)","decl":{"start":{"line":260,"column":13},"end":{"line":260,"column":37}},"loc":{"start":{"line":260,"column":70},"end":{"line":295,"column":null}},"line":260},"16":{"name":"(anonymous_16)","decl":{"start":{"line":266,"column":39},"end":{"line":266,"column":43}},"loc":{"start":{"line":266,"column":51},"end":{"line":266,"column":70}},"line":266},"17":{"name":"(anonymous_17)","decl":{"start":{"line":302,"column":13},"end":{"line":302,"column":37}},"loc":{"start":{"line":302,"column":65},"end":{"line":311,"column":null}},"line":302},"18":{"name":"(anonymous_18)","decl":{"start":{"line":304,"column":15},"end":{"line":304,"column":21}},"loc":{"start":{"line":304,"column":29},"end":{"line":311,"column":null}},"line":304},"19":{"name":"(anonymous_19)","decl":{"start":{"line":317,"column":13},"end":{"line":317,"column":38}},"loc":{"start":{"line":317,"column":66},"end":{"line":326,"column":null}},"line":317},"20":{"name":"(anonymous_20)","decl":{"start":{"line":319,"column":15},"end":{"line":319,"column":21}},"loc":{"start":{"line":319,"column":29},"end":{"line":326,"column":null}},"line":319},"21":{"name":"(anonymous_21)","decl":{"start":{"line":351,"column":13},"end":{"line":351,"column":28}},"loc":{"start":{"line":351,"column":68},"end":{"line":530,"column":null}},"line":351},"22":{"name":"(anonymous_22)","decl":{"start":{"line":468,"column":12},"end":{"line":468,"column":28}},"loc":{"start":{"line":468,"column":62},"end":{"line":484,"column":null}},"line":468},"23":{"name":"(anonymous_23)","decl":{"start":{"line":489,"column":17},"end":{"line":489,"column":22}},"loc":{"start":{"line":489,"column":31},"end":{"line":489,"column":50}},"line":489}},"branchMap":{"0":{"loc":{"start":{"line":24,"column":38},"end":{"line":24,"column":null}},"type":"cond-expr","locations":[{"
[...]
,"/Users/sm0671/Documents/code/github/hsmkit/src/utils/readTime.ts": {"path":"/Users/sm0671/Documents/code/github/hsmkit/src/utils/readTime.ts","statementMap":{"0":{"start":{"line":11,"column":20},"end":{"line":11,"column":null}},"1":{"start":{"line":14,"column":20},"end":{"line":14,"column":null}},"2":{"start":{"line":21,"column":13},"end":{"line":63,"column":null}},"3":{"start":{"line":22,"column":2},"end":{"line":22,"column":null}},"4":{"start":{"line":22,"column":21},"end":{"line":22,"column":null}},"5":{"start":{"line":25,"column":20},"end":{"line":47,"column":11}},"6":{"start":{"line":50,"column":8},"end":{"line":50,"column":null}},"7":{"start":{"line":53,"column":25},"end":{"line":53,"column":67}},"8":{"start":{"line":54,"column":23},"end":{"line":54,"column":null}},"9":{"start":{"line":54,"column":73},"end":{"line":54,"column":89}},"10":{"start":{"line":57,"column":25},"end":{"line":57,"column":null}},"11":{"start":{"line":58,"column":25},"end":{"line":58,"column":null}},"12":{"start":{"line":61,"column":23},"end":{"line":61,"column":78}},"13":{"start":{"line":63,"column":2},"end":{"line":63,"column":null}}},"fnMap":{"0":{"name":"(anonymous_0)","decl":{"start":{"line":21,"column":13},"end":{"line":21,"column":34}},"loc":{"start":{"line":21,"column":67},"end":{"line":63,"column":null}},"line":21},"1":{"name":"(anonymous_1)","decl":{"start":{"line":54,"column":58},"end":{"line":54,"column":65}},"loc":{"start":{"line":54,"column":73},"end":{"line":54,"column":89}},"line":54}},"branchMap":{"0":{"loc":{"start":{"line":22,"column":2},"end":{"line":22,"column":null}},"type":"if","locations":[{"start":{"line":22,"column":2},"end":{"line":22,"column":null}},{"start":{},"end":{}}],"line":22},"1":{"loc":{"start":{"line":50,"column":24},"end":{"line":50,"column":65}},"type":"binary-expr","locations":[{"start":{"line":50,"column":24},"end":{"line":50,"column":59}},{"start":{"line":50,"column":63},"end":{"line":50,"column":65}}],"line":50}},"s":{"0":0,"1":0,"2":0,"3":0,"4":0,"5":0,"6":0,"7":0,"8":0,"9":0,"10":0,"11":0,"12":0,"13":0},"f":{"0":0,"1":0},"b":{"0":[0,0],"1":[0,0]},"meta":{"lastBranch":2,"lastFunction":2,"lastStatement":14,"seen":{"s:11:20:11:Infinity":0,"s:14:20:14:Infinity":1,"s:21:13:63:Infinity":2,"f:21:13:21:34":0,"b:22:2:22:Infinity:undefined:undefined:undefined:undefined":0,"s:22:2:22:Infinity":3,"s:22:21:22:Infinity":4,"s:25:20:47:11":5,"s:50:8:50:Infinity":6,"b:50:24:50:59:50:63:50:65":1,"s:53:25:53:67":7,"s:54:23:54:Infinity":8,"f:54:58:54:65":1,"s:54:73:54:89":9,"s:57:25:57:Infinity":10,"s:58:25:58:Infinity":11,"s:61:23:61:78":12,"s:63:2:63:Infinity":13}}}
,"/Users/sm0671/Documents/code/github/hsmkit/src/utils/webCrypto.ts": {"path":"/Users/sm0671/Documents/code/github/hsmkit/src/utils/webCrypto.ts","statementMap":{"0":{"start":{"line":10,"column":15},"end":{"line":10,"column":null}},"1":{"start":{"line":11,"column":15},"end":{"line":11,"column":null}},"2":{"start":{"line":16,"column":13},"end":{"line":22,"column":null}},"3":{"start":{"line":17,"column":19},"end":{"line":17,"column":41}},"4":{"start":{"line":18,"column":16},"end":{"line":18,"column":51}},"5":{"start":{"line":19,"column":2},"end":{"line":20,"column":null}},"6":{"start":{"line":19,"column":15},"end":{"line":19,"column":18}},"7":{"start":{"line":20,"column":4},"end":{"line":20,"column":null}},"8":{"start":{"line":22,"column":2},"end":{"line":22,"column":null}},"9":{"start":{"line":28,"column":13},"end":{"line":33,"column":null}},"10":{"start":{"line":29,"column":16},"end":{"line":29,"column":38}},"11":{"start":{"line":30,"column":2},"end":{"line":33,"column":null}},"12":{"start":{"line":31,"column":14},"end":{"line":31,"column":45}},"13":{"start":{"line":39,"column":13},"end":{"line":40,"column":null}},"14":{"start":{"line":40,"column":2},"end":{"line":40,"column":null}},"15":{"start":{"line":46,"column":13},"end":{"line":47,"column":null}},"16":{"start":{"line":47,"column":2},"end":{"line":47,"column":null}},"17":{"start":{"line":53,"column":13},"end":{"line":54,"column":null}},"18":{"start":{"line":54,"column":2},"end":{"line":54,"column":null}},"19":{"start":{"line":61,"column":29},"end":{"line":71,"column":null}},"20":{"start":{"line":65,"column":2},"end":{"line":66,"column":null}},"21":{"start":{"line":66,"column":4},"end":{"line":66,"column":null}},"22":{"start":{"line":69,"column":21},"end":{"line":69,"column":null}},"23":{"start":{"line":70,"column":21},"end":{"line":70,"column":63}},"24":{"start":{"line":71,"column":2},"end":{"line":71,"column":null}},"25":{"start":{"line":78,"column":35},"end":{"line":111,"column":null}},"26":{"start":{"line":84,"column":2},"end":{"line":85,"column":null}},"27":{"start":{"line":85,"column":4},"end":{"line":85,"column":null}},"28":{"start":{"line":88,"column":20},"end":{"line":88,"column":44}},"29":{"start":{"line":89,"column":21},"end":{"line":89,"column":46}},"30":{"start":{"line":90,"column":19},"end":{"line":90,"column":42}},"31":{"start":{"line":92,"column":20},"end":{"line":97,"column":null}},"32":{"start":{"line":102,"column":2},"end":{"line":107,"column":null}},"33":{"start":{"line":103,"column":4},"end":{"line":103,"column":null}},"34":{"start":{"line":104,"column":13},"end":{"line":107,"column":null}},"35":{"start":{"line":105,"column":4},"end":{"line":105,"column":null}},"36":{"start":{"line":107,"column":4},"end":{"line":107,"column":null}},"37":{"start":{"line":110,"column":26},"end":{"line":110,"column":80}},"38":{"start":{"line":111,"column":2},"end":{"line":111,"column":null}},"39":{"start":{"line":117,"column":35},"end":{"line":150,"column":null}},"40":{"start":{"line":123,"column":2},"end":{"line":124,"column":null}},"41":{"start":{"line":124,"column":4},"end":{"line":124,"column":null}},"42":{"start":{"line":127,"column":20},"end":{"line":127,"column":44}},"43":{"start":{"line":128,"column":21},"end":{"line":128,"column":46}},"44":{"start":{"line":129,"column":19},"end":{"line":129,"column":42}},"45":{"start":{"line":131,"column":20},"end":{"line":136,"column":null}},"46":{"start":{"line":141,"column":2},"end":{"line":146,"column":null}},"47":{"start":{"line":142,"column":4},"end":{"line":142,"column":null}},"48":{"start":{"line":143,"column":13},"end":{"line":146,"column":null}},"49":{"start":{"line":144,"column":4},"end":{"line":144,"column":null}},"50":{"start":{"line":146,"column":4},"end":{"line":146,"column":null}},"51":{"start":{"line":149,"column":26},"end":{"line":149,"column":80}},"52":{"start":{"line":150,"column":2},"end":{"line":150,"column":null}},"53":{"start":{"line":157,"column":13},"end":{"line":160,"column":null}},"54":{"start":{"line":158,"column":16},"end":{"line":158,"column":38}},"55":{"start":{"line":159,"column":2},"end":{"line":159,"column":null}},"56":{"start":{"line":160,"column":2},"end":{"line":160,"column":null}},"57":{"start":{"line":166,"column":29},"end":{"line":187,"column":null}},"58":{"start":{"line":171,"column":2},"end":{"line":172,"column":null}},"59":{"start":{"line":172,"column":4},"end":{"line":172,"column":null}},"60":{"start":{"line":175,"column":20},"end":{"line":175,"column":44}},"61":{"start":{"line":176,"column":21},"end":{"line":176,"column":46}},"62":{"start":{"line":178,"column":20},"end":{"line":183,"column":null}},"63":{"start":{"line":186,"column":26},"end":{"line":186,"column":74}},"64":{"start":{"line":187,"column":2},"end":{"line":187,"column":null}},"65":{"start":{"line":193,"column":43},"end":{"line":217,"column":null}},"66":{"start":{"line":196,"column":2},"end":{"line":197,"column":null}},"67":{"start":{"line":197,"column":4},"end":{"line":197,"column":null}},"68":{"start":{"line":200,"column":18},"end":{"line":208,"column":null}},"69":{"start":{"line":211,"column":26},"end":{"line":211,"column":75}},"70":{"start":{"line":212,"column":27},"end":{"line":212,"column":78}},"71":{"start":{"line":214,"column":2},"end":{"line":217,"column":null}},"72":{"start":{"line":223,"column":45},"end":{"line":245,"column":null}},"73":{"start":{"line":226,"column":2},"end":{"line":227,"column":null}},"74":{"start":{"line":227,"column":4},"end":{"line":227,"column":null}},"75":{"start":{"line":230,"column":18},"end":{"line":236,"column":null}},"76":{"start":{"line":239,"column":26},"end":{"line":239,"column":75}},"77":{"start":{"line":240,"column":27},"end":{"line":240,"column":78}},"78":{"start":{"line":242,"column":2},"end":{"line":245,"column":null}},"79":{"start":{"line":251,"column":29},"end":{"line":270,"column":null}},"80":{"start":{"line":255,"column":2},"end":{"line":256,"column":null}},"81":{"start":{"line":256,"column":4},"end":{"line":256,"column":null}},"82":{"start":{"line":259,"column":21},"end":{"line":259,"column":46}},"83":{"start":{"line":261,"column":16},"end":{"line":261,"column":33}},"84":{"start":{"line":262,"column":2},"end":{"line":263,"column":null}},"85":{"start":{"line":262,"column":15},"end":{"line":262,"column":18}},"86":{"start":{"line":263,"column":4},"end":{"line":263,"column":null}},"87":{"start":{"line":265,"column":24},"end":{"line":265,"column":null}},"88":{"start":{"line":267,"column":2},"end":{"line":270,"column":null}}},"fnMap":{"0":{"name":"(anonymous_0)","decl":{"start":{"line":16,"column":13},"end":{"line":16,"column":33}},"loc":{"start":{"line":16,"column":62},"end":{"line":22,"column":null}},"line":16},"1":{"name":"(anonymous_1)","decl":{"start":{"line":28,"column":13},"end":{"line":28,"column":33}},"loc":{"start":{"line":28,"column":65},"end":{"line":33,"column":null}},"line":28},"2":{"name":"(anonymous_2)","decl":{"start":{"line":31,"column":5},"end":{"line":31,"column":9}},"loc":{"start":{"line":31,"column":14},"end":{"line":31,"column":45}},"line":31},"3":{"name":"(anonymous_3)","decl":{"start":{"line":39,"column":13},"end":{"line":39,"column":36}},"loc":{"start":{"line":39,"column":65},"end":{"line":40,"column":null}},"line":39},"4":{"name":"(anonymous_4)","decl":{"start":{"line":46,"column":13},"end":{"line":46,"column":36}},"loc":{"start":{"line":46,"column":68},"end":{"line":47,"column":null}},"line":46},"5":{"name":"(anonymous_5)","decl":{"start":{"line":53,"column":13},"end":{"line":53,"column":51}},"loc":{"start":{"line":53,"column":51},"end":{"line":54,"column":null}},"line":53},"6":{"name":"(anonymous_6)","decl":{"start":{"line":61,"column":29},"end":{"line":61,"column":null}},"loc":{"start":{"line":64,"column":22},"end":{"line":71,"column":null}},"line":64},"7":{"name":"(anonymous_7)","decl":{"start":{"line":78,"column":35},"end":{"line":78,"column":null}},"loc":{"start":{"line":83,"column":22},"end":{"line":111,"column":null}},"line":83},"8":{"name":"(anonymous_8)","decl":{"start":{"line":117,"column":35},"end":{"line":117,"column":null}},"loc":{"start":{"line":122,"column":22},"end":{"line":150,"column":null}},"line":122},"9":{"name":"(anonymous_9)","decl":{"start":{"line":157,"column":13},"end":{"line":157,"column":37}},"loc":{"start":{"line":157,"column":64},"end":{"line":160,"column":null}},"line":157},"10":{"name":"(anonymous_10)","decl":{"start":{"line":166,"column":29},"end":{"line":166,"column":null}},"loc":{"start":{"line":170,"column":22},"end":{"line":187,"column":null}},"line":170},"11":{"name":"(anonymous_11)","decl":{"start":{"line":193,"column":43},"end":{"line":193,"column":null}},"loc":{"start":{"line":195,"column":57},"end":{"line":217,"column":null}},"line":195},"12":{"name":"(anonymous_12)","decl":{"start":{"line":223,"column":45},"end":{"line":223,"column":null}},"loc":{"start":{"line":225,"column":57},"end":{"line":245,"column":null}},"line":225},"13":{"name":"(anonymous_13)","decl":{"start":{"line":251,"column":29},"end":{"line":251,"column":null}},"loc":{"start":{"line":254,"column":57},"end":{"line":270,"column":null}},"line":254}},"branchMap":{"0":{"loc":{"start":{"line":54,"column":12},"end":{"line":54,"column":null}},"type":"binary-expr","locations":[{"start":{"line":54,"column":12},"end":{"line":54,"column":22}},{"start":{"line":54,"column":22},"end":{"line":54,"column":null}}],"line":54},"1":{"loc":{"start":{"line":65,"column":2},"end":{"line":66,"column":null}},"type":"if","locations":[{"start":{"line":65,"column":2},"end":{"line":66,"column":null}},{"start":{},"end":{}}],"line":65},"2":{"loc":{"start":{"line":69,"column":21},"end":{"line":69,"column":null}},"type":"cond-expr","locations":[{"start":{"line":69,"column":48},"end":{"line":69,"column":73}},{"start":{"line":69,"column":76},"end":{"line":69,"column":null}}],"line":69},"3":{"loc":{"start":{"line":84,"column":2},"end":{"line":85,"column":null}},"type":"if","locations":[{"start":{"line":84,"column":2},"end":{"line":85,"column":null}},{"start":{},"end":{}}],"line":84},"4":{"loc":{"start":{"line":102,"column":2},"end":{"line":107,"column":null}},"type":"if","locations":[{"start":{"line":102,"column":2},"end":{"line":107,"column":null}},{"start":{"line":104,"column":13},"end":{"line":107,"column":null}}],"line":102},"5":{"loc":{"start":{"line":104,"column":13},"end":{"line":107,"column":null}},"type":"if","locations":[{"start":{"line":104,"column":13},"end":{"line":107,"column":null}},{"start":{"line":106,"column":9},"end":{"line":107,"column":null}}],"line":104},"6":{"loc":{"start":{"line":123,"column":2},"end":{"line":124,"column":null}},"type":"if","locations":[{"start":{"line":123,"column":2},"end":{"line":124,"column":null}},{"start":{},"end":{}}],"line":123},"7":{"loc":{"start":{"line":141,"column":2},"end":{"line":146,"column":null}},"type":"if","locations":[{"start":{"line":141,"column":2},"end":{"line":146,"column":null}},{"start":{"line":143,"column":13},"end":{"line":146,"column":null}}],"line":141},"8":{"loc":{"start":{"line":143,"column":13},"end":{"line":146,"column":null}},"type":"if","locations":[{"start":{"line":143,"column":13},"end":{"line":146,"column":null}},{"start":{"line":145,"column":9},"end":{"line":146,"column":null}}],"line":143},"9":{"loc":{"start":{"line":171,"column":2},"end":{"line":172,"column":null}},"type":"if","locations":[{"start":{"line":171,"column":2},"end":{"line":172,"column":null}},{"start":{},"end":{}}],"line":171},"10":{"loc":{"start":{"line":194,"column":2},"end":{"line":194,"column":null}},"type":"default-arg","locations":[{"start":{"line":194,"column":38},"end":{"line":194,"column":null}}],"line":194},"11":{"loc":{"start":{"line":196,"column":2},"end":{"line":197,"column":null}},"type":"if","locations":[{"start":{"line":196,"column":2},"end":{"line":197,"column":null}},{"start":{},"end":{}}],"line":196},"12":{"loc":{"start":{"line":224,"column":2},"end":{"line":224,"column":null}},"type":"default-arg","locations":[{"start":{"line":224,"column":39},"end":{"line":224,"column":null}}],"line":224},"13":{"loc":{"start":{"line":226,"column":2},"end":{"line":227,"column":null}},"type":"if","locations":[{"start":{"line":226,"column":2},"end":{"line":227,"column":null}},{"start":{},"end":{}}],"line":226},"14":{"loc":{"start":{"line":253,"column":2},"end":{"line":253,"column":null}},"type":"default-arg","locations":[{"start":{"line":253,"column":23},"end":{"line":253,"column":null}}],"line":253},"15":{"loc":{"start":{"line":255,"column":2},"end":{"line":256,"column":null}},"type":"if","locations":[{"start":{"line":255,"column":2},"end":{"line":256,"column":null}},{"start":{},"end":{}}],"line":255}},"s":{"0":0,"1":0,"2":0,"3":0,"4":0,"5":0,"6":0,"7":0,"8":0,"9":0,"10":0,"11":0,"12":0,"13":0,"14":0,"15":0,"16":0,"17":0,"18":0,"19":0,"20":0,"21":0,"22":0,"23":0,"24":0,"25":0,"26":0,"27":0,"28":0,"29":0,"30":0,"31":0,"32":0,"33":0,"34":0,"35":0,"36":0,"37":0,"38":0,"39":0,"40":0,"41":0,"42":0,"43":0,"44":0,"45":0,"46":0,"47":0,"48":0,"49":0,"50":0,"51":0,"52":0,"53":0,"54":0,"55":0,"56":0,"57":0,"58":0,"59":0,"60":0,"61":0,"62":0,"63":0,"64":0,"65":0,"66":0,"67":0,"68":0,"69":0,"70":0,"71":0,"72":0,"73":0,"74":0,"75":0,"76":0,"77":0,"78":0,"79":0,"80":0,"81":0,"82":0,"83":0,"84":0,"85":0,"86":0,"87":0,"88":0},"f":{"0":0,"1":0,"2":0,"3":0,"4":0,"5":0,"6":0,"7":0,"8":0,"9":0,"10":0,"11":0,"12":0,"13":0},"b":{"0":[0,0],"1":[0,0],"2":[0,0],"3":[0,0],"4":[0,0],"5":[0,0],"6":[0,0],"7":[0,0],"8":[0,0],"9":[0,0],"10":[0],"11":[0,0],"12":[0],"13":[0,0],"14":[0],"15":[0,0]},"meta":{"lastBranch":16,"lastFunction":14,"lastStatement":89,"seen":{"s:10:15:10:Infinity":0,"s:11:15:11:Infinity":1,"s:16:13:22:Infinity":2,"f:16:13:16:33":0,"s:17:19:17:41":3,"s:18:16:18:51":4,"s:19:2:20:Infinity":5,"s:19:15:19:18":6,"s:20:4:20:Infinity":7,"s:22:2:22:Infinity":8,"s:28:13:33:Infinity":9,"f:28:13:28:33":1,"s:29:16:29:38":10,"s:30:2:33:Infinity":11,"f:31:5:31:9":2,"s:31:14:31:45":12,"s:39:13:40:Infinity":13,"f:39:13:39:36":3,"s:40:2:40:Infinity":14,"s:46:13:47:Infinity":15,"f:46:13:46:36":4,"s:47:2:47:Infinity":16,"s:53:13:54:Infinity":17,"f:53:13:53:51":5,"s:54:2:54:Infinity":18,"b:54:12:54:22:54:22:54:Infinity":0,"s:61:29:71:Infinity":19,"f:61:29:61:Infinity":6,"b:65:2:66:Infinity:undefined:undefined:undefined:undefined":1,"s:65:2:66:Infinity":20,"s:66:4:66:Infinity":21,"s:69:21:69:Infinity":22,"b:69:48:69:73:69:76:69:Infinity":2,"s:70:21:70:63":23,"s:71:2:71:Infinity":24,"s:78:35:111:Infinity":25,"f:78:35:78:Infinity":7,"b:84:2:85:Infinity:undefined:undefined:undefined:undefined":3,"s:84:2:85:Infinity":26,"s:85:4:85:Infinity":27,"s:88:20:88:44":28,"s:89:21:89:46":29,"s:90:19:90:42":30,"s:92:20:97:Infinity":31,"b:102:2:107:Infinity:104:13:107:Infinity":4,"s:102:2:107:Infinity":32,"s:103:4:103:Infinity":33,"b:104:13:107:Infinity:106:9:107:Infinity":5,"s:104:13:107:Infinity":34,"s:105:4:105:Infinity":35,"s:107:4:107:Infinity":36,"s:110:26:110:80":37,"s:111:2:111:Infinity":38,"s:117:35:150:Infinity":39,"f:117:35:117:Infinity":8,"b:123:2:124:Infinity:undefined:undefined:undefined:undefined":6,"s:123:2:124:Infinity":40,"s:124:4:124:Infinity":41,"s:127:20:127:44":42,"s:128:21:128:46":43,"s:129:19:129:42":44,"s:131:20:136:Infinity":45,"b:141:2:146:Infinity:143:13:146:Infinity":7,"s:141:2:146:Infinity":46,"s:142:4:142:Infinity":47,"b:143:13:146:Infinity:145:9:146:Infinity":8,"s:143:13:146:Infinity":48,"s:144:4:144:Infinity":49,"s:146:4:146:Infinity":50,"s:149:26:149:80":51,"s:150:2:150:Infinity":52,"s:157:13:160:Infinity":53,"f:157:13:157:37":9,"s:158:16:158:38":54,"s:159:2:159:Infinity":55,"s:160:2:160:Infinity":56,"s:166:29:187:Infinity":57,"f:166:29:166:Infinity":10,"b:171:2:172:Infinity:undefined:undefined:undefined:undefined":9,"s:171:2:172:Infinity":58,"s:172:4:172:Infinity":59,"s:175:20:175:44":60,"s:176:21:176:46":61,"s:178:20:183:Infinity":62,"s:186:26:186:74":63,"s:187:2:187:Infinity":64,"s:193:43:217:Infinity":65,"f:193:43:193:Infinity":11,"b:194:38:194:Infinity":10,"b:196:2:197:Infinity:undefined:undefined:undefined:undefined":11,"s:196:2:197:Infinity":66,"s:197:4:197:Infinity":67,"s:200:18:208:Infinity":68,"s:211:26:211:75":69,"s:212:27:212:78":70,"s:214:2:217:Infinity":71,"s:223:45:245:Infinity":72,"f:223:45:223:Infinity":12,"b:224:39:224:Infinity":12,"b:226:2:227:Infinity:undefined:undefined:undefined:undefined":13,"s:226:2:227:Infinity":73,"s:227:4:227:Infinity":74,"s:230:18:236:Infinity":75,"s:239:26:239:75":76,"s:240:27:240:78":77,"s:242:2:245:Infinity":78,"s:251:29:270:Infinity":79,"f:251:29:251:Infinity":13,"b:253:23:253:Infinity":14,"b:255:2:256:Infinity:undefined:undefined:undefined:undefined":15,"s:255:2:256:Infinity":80,"s:256:4:256:Infinity":81,"s:259:21:259:46":82,"s:261:16:261:33":83,"s:262:2:263:Infinity":84,"s:262:15:262:18":85,"s:263:4:263:Infinity":86,"s:265:24:265:Infinity":87,"s:267:2:270:Infinity":88}}}
}
